This is pdfTeX, Version 3.14159265-2.6-1.40.19 (TeX Live 2018) (preloaded format=pdflatex 2018.4.16)  8 FEB 2021 23:58
entering extended mode
 restricted \write18 enabled.
 %&-line parsing enabled.
**STAT_771_Class_Project_Rev.tex
(./STAT_771_Class_Project_Rev.tex
LaTeX2e <2018-04-01> patch level 2
Babel <3.18> and hyphenation patterns for 84 language(s) loaded.
(/usr/local/texlive/2018/texmf-dist/tex/latex/base/article.cls
Document Class: article 2014/09/29 v1.4h Standard LaTeX document class
(/usr/local/texlive/2018/texmf-dist/tex/latex/base/size10.clo
File: size10.clo 2014/09/29 v1.4h Standard LaTeX file (size option)
)
\c@part=\count80
\c@section=\count81
\c@subsection=\count82
\c@subsubsection=\count83
\c@paragraph=\count84
\c@subparagraph=\count85
\c@figure=\count86
\c@table=\count87
\abovecaptionskip=\skip41
\belowcaptionskip=\skip42
\bibindent=\dimen102
) (/usr/local/texlive/2018/texmf-dist/tex/latex/lm/lmodern.sty
Package: lmodern 2009/10/30 v1.6 Latin Modern Fonts
LaTeX Font Info:    Overwriting symbol font `operators' in version `normal'
(Font)                  OT1/cmr/m/n --> OT1/lmr/m/n on input line 22.
LaTeX Font Info:    Overwriting symbol font `letters' in version `normal'
(Font)                  OML/cmm/m/it --> OML/lmm/m/it on input line 23.
LaTeX Font Info:    Overwriting symbol font `symbols' in version `normal'
(Font)                  OMS/cmsy/m/n --> OMS/lmsy/m/n on input line 24.
LaTeX Font Info:    Overwriting symbol font `largesymbols' in version `normal'
(Font)                  OMX/cmex/m/n --> OMX/lmex/m/n on input line 25.
LaTeX Font Info:    Overwriting symbol font `operators' in version `bold'
(Font)                  OT1/cmr/bx/n --> OT1/lmr/bx/n on input line 26.
LaTeX Font Info:    Overwriting symbol font `letters' in version `bold'
(Font)                  OML/cmm/b/it --> OML/lmm/b/it on input line 27.
LaTeX Font Info:    Overwriting symbol font `symbols' in version `bold'
(Font)                  OMS/cmsy/b/n --> OMS/lmsy/b/n on input line 28.
LaTeX Font Info:    Overwriting symbol font `largesymbols' in version `bold'
(Font)                  OMX/cmex/m/n --> OMX/lmex/m/n on input line 29.
LaTeX Font Info:    Overwriting math alphabet `\mathbf' in version `normal'
(Font)                  OT1/cmr/bx/n --> OT1/lmr/bx/n on input line 31.
LaTeX Font Info:    Overwriting math alphabet `\mathsf' in version `normal'
(Font)                  OT1/cmss/m/n --> OT1/lmss/m/n on input line 32.
LaTeX Font Info:    Overwriting math alphabet `\mathit' in version `normal'
(Font)                  OT1/cmr/m/it --> OT1/lmr/m/it on input line 33.
LaTeX Font Info:    Overwriting math alphabet `\mathtt' in version `normal'
(Font)                  OT1/cmtt/m/n --> OT1/lmtt/m/n on input line 34.
LaTeX Font Info:    Overwriting math alphabet `\mathbf' in version `bold'
(Font)                  OT1/cmr/bx/n --> OT1/lmr/bx/n on input line 35.
LaTeX Font Info:    Overwriting math alphabet `\mathsf' in version `bold'
(Font)                  OT1/cmss/bx/n --> OT1/lmss/bx/n on input line 36.
LaTeX Font Info:    Overwriting math alphabet `\mathit' in version `bold'
(Font)                  OT1/cmr/bx/it --> OT1/lmr/bx/it on input line 37.
LaTeX Font Info:    Overwriting math alphabet `\mathtt' in version `bold'
(Font)                  OT1/cmtt/m/n --> OT1/lmtt/m/n on input line 38.
) (/usr/local/texlive/2018/texmf-dist/tex/latex/amsfonts/amssymb.sty
Package: amssymb 2013/01/14 v3.01 AMS font symbols
(/usr/local/texlive/2018/texmf-dist/tex/latex/amsfonts/amsfonts.sty
Package: amsfonts 2013/01/14 v3.01 Basic AMSFonts support
\@emptytoks=\toks14
\symAMSa=\mathgroup4
\symAMSb=\mathgroup5
LaTeX Font Info:    Overwriting math alphabet `\mathfrak' in version `bold'
(Font)                  U/euf/m/n --> U/euf/b/n on input line 106.
)) (/usr/local/texlive/2018/texmf-dist/tex/latex/amsmath/amsmath.sty
Package: amsmath 2017/09/02 v2.17a AMS math features
\@mathmargin=\skip43
For additional information on amsmath, use the `?' option.
(/usr/local/texlive/2018/texmf-dist/tex/latex/amsmath/amstext.sty
Package: amstext 2000/06/29 v2.01 AMS text
(/usr/local/texlive/2018/texmf-dist/tex/latex/amsmath/amsgen.sty
File: amsgen.sty 1999/11/30 v2.0 generic functions
\@emptytoks=\toks15
\ex@=\dimen103
)) (/usr/local/texlive/2018/texmf-dist/tex/latex/amsmath/amsbsy.sty
Package: amsbsy 1999/11/29 v1.2d Bold Symbols
\pmbraise@=\dimen104
) (/usr/local/texlive/2018/texmf-dist/tex/latex/amsmath/amsopn.sty
Package: amsopn 2016/03/08 v2.02 operator names
)
\inf@bad=\count88
LaTeX Info: Redefining \frac on input line 213.
\uproot@=\count89
\leftroot@=\count90
LaTeX Info: Redefining \overline on input line 375.
\classnum@=\count91
\DOTSCASE@=\count92
LaTeX Info: Redefining \ldots on input line 472.
LaTeX Info: Redefining \dots on input line 475.
LaTeX Info: Redefining \cdots on input line 596.
\Mathstrutbox@=\box26
\strutbox@=\box27
\big@size=\dimen105
LaTeX Font Info:    Redeclaring font encoding OML on input line 712.
LaTeX Font Info:    Redeclaring font encoding OMS on input line 713.
\macc@depth=\count93
\c@MaxMatrixCols=\count94
\dotsspace@=\muskip10
\c@parentequation=\count95
\dspbrk@lvl=\count96
\tag@help=\toks16
\row@=\count97
\column@=\count98
\maxfields@=\count99
\andhelp@=\toks17
\eqnshift@=\dimen106
\alignsep@=\dimen107
\tagshift@=\dimen108
\tagwidth@=\dimen109
\totwidth@=\dimen110
\lineht@=\dimen111
\@envbody=\toks18
\multlinegap=\skip44
\multlinetaggap=\skip45
\mathdisplay@stack=\toks19
LaTeX Info: Redefining \[ on input line 2817.
LaTeX Info: Redefining \] on input line 2818.
) (/usr/local/texlive/2018/texmf-dist/tex/generic/ifxetex/ifxetex.sty
Package: ifxetex 2010/09/12 v0.6 Provides ifxetex conditional
) (/usr/local/texlive/2018/texmf-dist/tex/generic/oberdiek/ifluatex.sty
Package: ifluatex 2016/05/16 v1.4 Provides the ifluatex switch (HO)
Package ifluatex Info: LuaTeX not detected.
) (/usr/local/texlive/2018/texmf-dist/tex/latex/base/fontenc.sty
Package: fontenc 2017/04/05 v2.0i Standard LaTeX package
(/usr/local/texlive/2018/texmf-dist/tex/latex/base/t1enc.def
File: t1enc.def 2017/04/05 v2.0i Standard LaTeX file
LaTeX Font Info:    Redeclaring font encoding T1 on input line 48.
)) (/usr/local/texlive/2018/texmf-dist/tex/latex/base/inputenc.sty
Package: inputenc 2018/04/06 v1.3b Input encoding file
\inpenc@prehook=\toks20
\inpenc@posthook=\toks21
) (/usr/local/texlive/2018/texmf-dist/tex/latex/base/textcomp.sty
Package: textcomp 2017/04/05 v2.0i Standard LaTeX package
Package textcomp Info: Sub-encoding information:
(textcomp)               5 = only ISO-Adobe without \textcurrency
(textcomp)               4 = 5 + \texteuro
(textcomp)               3 = 4 + \textohm
(textcomp)               2 = 3 + \textestimated + \textcurrency
(textcomp)               1 = TS1 - \textcircled - \t
(textcomp)               0 = TS1 (full)
(textcomp)             Font families with sub-encoding setting implement
(textcomp)             only a restricted character set as indicated.
(textcomp)             Family '?' is the default used for unknown fonts.
(textcomp)             See the documentation for details.
Package textcomp Info: Setting ? sub-encoding to TS1/1 on input line 79.
(/usr/local/texlive/2018/texmf-dist/tex/latex/base/ts1enc.def
File: ts1enc.def 2001/06/05 v3.0e (jk/car/fm) Standard LaTeX file
Now handling font encoding TS1 ...
... processing UTF-8 mapping file for font encoding TS1
(/usr/local/texlive/2018/texmf-dist/tex/latex/base/ts1enc.dfu
File: ts1enc.dfu 2018/04/05 v1.2c UTF-8 support for inputenc
   defining Unicode char U+00A2 (decimal 162)
   defining Unicode char U+00A3 (decimal 163)
   defining Unicode char U+00A4 (decimal 164)
   defining Unicode char U+00A5 (decimal 165)
   defining Unicode char U+00A6 (decimal 166)
   defining Unicode char U+00A7 (decimal 167)
   defining Unicode char U+00A8 (decimal 168)
   defining Unicode char U+00A9 (decimal 169)
   defining Unicode char U+00AA (decimal 170)
   defining Unicode char U+00AC (decimal 172)
   defining Unicode char U+00AE (decimal 174)
   defining Unicode char U+00AF (decimal 175)
   defining Unicode char U+00B0 (decimal 176)
   defining Unicode char U+00B1 (decimal 177)
   defining Unicode char U+00B2 (decimal 178)
   defining Unicode char U+00B3 (decimal 179)
   defining Unicode char U+00B4 (decimal 180)
   defining Unicode char U+00B5 (decimal 181)
   defining Unicode char U+00B6 (decimal 182)
   defining Unicode char U+00B7 (decimal 183)
   defining Unicode char U+00B9 (decimal 185)
   defining Unicode char U+00BA (decimal 186)
   defining Unicode char U+00BC (decimal 188)
   defining Unicode char U+00BD (decimal 189)
   defining Unicode char U+00BE (decimal 190)
   defining Unicode char U+00D7 (decimal 215)
   defining Unicode char U+00F7 (decimal 247)
   defining Unicode char U+0192 (decimal 402)
   defining Unicode char U+02C7 (decimal 711)
   defining Unicode char U+02D8 (decimal 728)
   defining Unicode char U+02DD (decimal 733)
   defining Unicode char U+0E3F (decimal 3647)
   defining Unicode char U+2016 (decimal 8214)
   defining Unicode char U+2020 (decimal 8224)
   defining Unicode char U+2021 (decimal 8225)
   defining Unicode char U+2022 (decimal 8226)
   defining Unicode char U+2030 (decimal 8240)
   defining Unicode char U+2031 (decimal 8241)
   defining Unicode char U+203B (decimal 8251)
   defining Unicode char U+203D (decimal 8253)
   defining Unicode char U+2044 (decimal 8260)
   defining Unicode char U+204E (decimal 8270)
   defining Unicode char U+2052 (decimal 8274)
   defining Unicode char U+20A1 (decimal 8353)
   defining Unicode char U+20A4 (decimal 8356)
   defining Unicode char U+20A6 (decimal 8358)
   defining Unicode char U+20A9 (decimal 8361)
   defining Unicode char U+20AB (decimal 8363)
   defining Unicode char U+20AC (decimal 8364)
   defining Unicode char U+20B1 (decimal 8369)
   defining Unicode char U+2103 (decimal 8451)
   defining Unicode char U+2116 (decimal 8470)
   defining Unicode char U+2117 (decimal 8471)
   defining Unicode char U+211E (decimal 8478)
   defining Unicode char U+2120 (decimal 8480)
   defining Unicode char U+2122 (decimal 8482)
   defining Unicode char U+2126 (decimal 8486)
   defining Unicode char U+2127 (decimal 8487)
   defining Unicode char U+212E (decimal 8494)
   defining Unicode char U+2190 (decimal 8592)
   defining Unicode char U+2191 (decimal 8593)
   defining Unicode char U+2192 (decimal 8594)
   defining Unicode char U+2193 (decimal 8595)
   defining Unicode char U+2329 (decimal 9001)
   defining Unicode char U+232A (decimal 9002)
   defining Unicode char U+2422 (decimal 9250)
   defining Unicode char U+25E6 (decimal 9702)
   defining Unicode char U+25EF (decimal 9711)
   defining Unicode char U+266A (decimal 9834)
   defining Unicode char U+FEFF (decimal 65279)
))
LaTeX Info: Redefining \oldstylenums on input line 334.
Package textcomp Info: Setting cmr sub-encoding to TS1/0 on input line 349.
Package textcomp Info: Setting cmss sub-encoding to TS1/0 on input line 350.
Package textcomp Info: Setting cmtt sub-encoding to TS1/0 on input line 351.
Package textcomp Info: Setting cmvtt sub-encoding to TS1/0 on input line 352.
Package textcomp Info: Setting cmbr sub-encoding to TS1/0 on input line 353.
Package textcomp Info: Setting cmtl sub-encoding to TS1/0 on input line 354.
Package textcomp Info: Setting ccr sub-encoding to TS1/0 on input line 355.
Package textcomp Info: Setting ptm sub-encoding to TS1/4 on input line 356.
Package textcomp Info: Setting pcr sub-encoding to TS1/4 on input line 357.
Package textcomp Info: Setting phv sub-encoding to TS1/4 on input line 358.
Package textcomp Info: Setting ppl sub-encoding to TS1/3 on input line 359.
Package textcomp Info: Setting pag sub-encoding to TS1/4 on input line 360.
Package textcomp Info: Setting pbk sub-encoding to TS1/4 on input line 361.
Package textcomp Info: Setting pnc sub-encoding to TS1/4 on input line 362.
Package textcomp Info: Setting pzc sub-encoding to TS1/4 on input line 363.
Package textcomp Info: Setting bch sub-encoding to TS1/4 on input line 364.
Package textcomp Info: Setting put sub-encoding to TS1/5 on input line 365.
Package textcomp Info: Setting uag sub-encoding to TS1/5 on input line 366.
Package textcomp Info: Setting ugq sub-encoding to TS1/5 on input line 367.
Package textcomp Info: Setting ul8 sub-encoding to TS1/4 on input line 368.
Package textcomp Info: Setting ul9 sub-encoding to TS1/4 on input line 369.
Package textcomp Info: Setting augie sub-encoding to TS1/5 on input line 370.
Package textcomp Info: Setting dayrom sub-encoding to TS1/3 on input line 371.
Package textcomp Info: Setting dayroms sub-encoding to TS1/3 on input line 372.

Package textcomp Info: Setting pxr sub-encoding to TS1/0 on input line 373.
Package textcomp Info: Setting pxss sub-encoding to TS1/0 on input line 374.
Package textcomp Info: Setting pxtt sub-encoding to TS1/0 on input line 375.
Package textcomp Info: Setting txr sub-encoding to TS1/0 on input line 376.
Package textcomp Info: Setting txss sub-encoding to TS1/0 on input line 377.
Package textcomp Info: Setting txtt sub-encoding to TS1/0 on input line 378.
Package textcomp Info: Setting lmr sub-encoding to TS1/0 on input line 379.
Package textcomp Info: Setting lmdh sub-encoding to TS1/0 on input line 380.
Package textcomp Info: Setting lmss sub-encoding to TS1/0 on input line 381.
Package textcomp Info: Setting lmssq sub-encoding to TS1/0 on input line 382.
Package textcomp Info: Setting lmvtt sub-encoding to TS1/0 on input line 383.
Package textcomp Info: Setting lmtt sub-encoding to TS1/0 on input line 384.
Package textcomp Info: Setting qhv sub-encoding to TS1/0 on input line 385.
Package textcomp Info: Setting qag sub-encoding to TS1/0 on input line 386.
Package textcomp Info: Setting qbk sub-encoding to TS1/0 on input line 387.
Package textcomp Info: Setting qcr sub-encoding to TS1/0 on input line 388.
Package textcomp Info: Setting qcs sub-encoding to TS1/0 on input line 389.
Package textcomp Info: Setting qpl sub-encoding to TS1/0 on input line 390.
Package textcomp Info: Setting qtm sub-encoding to TS1/0 on input line 391.
Package textcomp Info: Setting qzc sub-encoding to TS1/0 on input line 392.
Package textcomp Info: Setting qhvc sub-encoding to TS1/0 on input line 393.
Package textcomp Info: Setting futs sub-encoding to TS1/4 on input line 394.
Package textcomp Info: Setting futx sub-encoding to TS1/4 on input line 395.
Package textcomp Info: Setting futj sub-encoding to TS1/4 on input line 396.
Package textcomp Info: Setting hlh sub-encoding to TS1/3 on input line 397.
Package textcomp Info: Setting hls sub-encoding to TS1/3 on input line 398.
Package textcomp Info: Setting hlst sub-encoding to TS1/3 on input line 399.
Package textcomp Info: Setting hlct sub-encoding to TS1/5 on input line 400.
Package textcomp Info: Setting hlx sub-encoding to TS1/5 on input line 401.
Package textcomp Info: Setting hlce sub-encoding to TS1/5 on input line 402.
Package textcomp Info: Setting hlcn sub-encoding to TS1/5 on input line 403.
Package textcomp Info: Setting hlcw sub-encoding to TS1/5 on input line 404.
Package textcomp Info: Setting hlcf sub-encoding to TS1/5 on input line 405.
Package textcomp Info: Setting pplx sub-encoding to TS1/3 on input line 406.
Package textcomp Info: Setting pplj sub-encoding to TS1/3 on input line 407.
Package textcomp Info: Setting ptmx sub-encoding to TS1/4 on input line 408.
Package textcomp Info: Setting ptmj sub-encoding to TS1/4 on input line 409.
) (/usr/local/texlive/2018/texmf-dist/tex/latex/upquote/upquote.sty
Package: upquote 2012/04/19 v1.3 upright-quote and grave-accent glyphs in verba
tim
) (/usr/local/texlive/2018/texmf-dist/tex/latex/microtype/microtype.sty
Package: microtype 2018/01/14 v2.7a Micro-typographical refinements (RS)
(/usr/local/texlive/2018/texmf-dist/tex/latex/graphics/keyval.sty
Package: keyval 2014/10/28 v1.15 key=value parser (DPC)
\KV@toks@=\toks22
)
\MT@toks=\toks23
\MT@count=\count100
LaTeX Info: Redefining \textls on input line 793.
\MT@outer@kern=\dimen112
LaTeX Info: Redefining \textmicrotypecontext on input line 1339.
\MT@listname@count=\count101
(/usr/local/texlive/2018/texmf-dist/tex/latex/microtype/microtype-pdftex.def
File: microtype-pdftex.def 2018/01/14 v2.7a Definitions specific to pdftex (RS)

LaTeX Info: Redefining \lsstyle on input line 913.
LaTeX Info: Redefining \lslig on input line 913.
\MT@outer@space=\skip46
)
Package microtype Info: Loading configuration file microtype.cfg.
(/usr/local/texlive/2018/texmf-dist/tex/latex/microtype/microtype.cfg
File: microtype.cfg 2018/01/14 v2.7a microtype main configuration file (RS)
)) (/usr/local/texlive/2018/texmf-dist/tex/latex/parskip/parskip.sty
Package: parskip 2001/04/09 non-zero parskip adjustments
) (/usr/local/texlive/2018/texmf-dist/tex/latex/xcolor/xcolor.sty
Package: xcolor 2016/05/11 v2.12 LaTeX color extensions (UK)
(/usr/local/texlive/2018/texmf-dist/tex/latex/graphics-cfg/color.cfg
File: color.cfg 2016/01/02 v1.6 sample color configuration
)
Package xcolor Info: Driver file: pdftex.def on input line 225.
(/usr/local/texlive/2018/texmf-dist/tex/latex/graphics-def/pdftex.def
File: pdftex.def 2018/01/08 v1.0l Graphics/color driver for pdftex
)
Package xcolor Info: Model `cmy' substituted by `cmy0' on input line 1348.
Package xcolor Info: Model `hsb' substituted by `rgb' on input line 1352.
Package xcolor Info: Model `RGB' extended on input line 1364.
Package xcolor Info: Model `HTML' substituted by `rgb' on input line 1366.
Package xcolor Info: Model `Hsb' substituted by `hsb' on input line 1367.
Package xcolor Info: Model `tHsb' substituted by `hsb' on input line 1368.
Package xcolor Info: Model `HSB' substituted by `hsb' on input line 1369.
Package xcolor Info: Model `Gray' substituted by `gray' on input line 1370.
Package xcolor Info: Model `wave' substituted by `hsb' on input line 1371.
) (/usr/local/texlive/2018/texmf-dist/tex/latex/xurl/xurl.sty
Package: xurl 2018/01/09 v 0.03 modify URL breaks
(/usr/local/texlive/2018/texmf-dist/tex/latex/url/url.sty
\Urlmuskip=\muskip11
Package: url 2013/09/16  ver 3.4  Verb mode for urls, etc.
)) (/usr/local/texlive/2018/texmf-dist/tex/latex/oberdiek/bookmark.sty
Package: bookmark 2016/05/17 v1.26 PDF bookmarks (HO)
(/usr/local/texlive/2018/texmf-dist/tex/generic/oberdiek/pdfescape.sty
Package: pdfescape 2016/05/16 v1.14 Implements pdfTeX's escape features (HO)
(/usr/local/texlive/2018/texmf-dist/tex/generic/oberdiek/ltxcmds.sty
Package: ltxcmds 2016/05/16 v1.23 LaTeX kernel commands for general use (HO)
) (/usr/local/texlive/2018/texmf-dist/tex/generic/oberdiek/pdftexcmds.sty
Package: pdftexcmds 2018/01/30 v0.27 Utility functions of pdfTeX for LuaTeX (HO
)
(/usr/local/texlive/2018/texmf-dist/tex/generic/oberdiek/infwarerr.sty
Package: infwarerr 2016/05/16 v1.4 Providing info/warning/error messages (HO)
) (/usr/local/texlive/2018/texmf-dist/tex/generic/oberdiek/ifpdf.sty
Package: ifpdf 2017/03/15 v3.2 Provides the ifpdf switch
)
Package pdftexcmds Info: LuaTeX not detected.
Package pdftexcmds Info: \pdf@primitive is available.
Package pdftexcmds Info: \pdf@ifprimitive is available.
Package pdftexcmds Info: \pdfdraftmode found.
)) (/usr/local/texlive/2018/texmf-dist/tex/generic/oberdiek/ifvtex.sty
Package: ifvtex 2016/05/16 v1.6 Detect VTeX and its facilities (HO)
Package ifvtex Info: VTeX not detected.
) (/usr/local/texlive/2018/texmf-dist/tex/latex/hyperref/hyperref.sty
Package: hyperref 2018/02/06 v6.86b Hypertext links for LaTeX
(/usr/local/texlive/2018/texmf-dist/tex/generic/oberdiek/hobsub-hyperref.sty
Package: hobsub-hyperref 2016/05/16 v1.14 Bundle oberdiek, subset hyperref (HO)

(/usr/local/texlive/2018/texmf-dist/tex/generic/oberdiek/hobsub-generic.sty
Package: hobsub-generic 2016/05/16 v1.14 Bundle oberdiek, subset generic (HO)
Package: hobsub 2016/05/16 v1.14 Construct package bundles (HO)
Package hobsub Info: Skipping package `infwarerr' (already loaded).
Package hobsub Info: Skipping package `ltxcmds' (already loaded).
Package hobsub Info: Skipping package `ifluatex' (already loaded).
Package hobsub Info: Skipping package `ifvtex' (already loaded).
Package: intcalc 2016/05/16 v1.2 Expandable calculations with integers (HO)
Package hobsub Info: Skipping package `ifpdf' (already loaded).
Package: etexcmds 2016/05/16 v1.6 Avoid name clashes with e-TeX commands (HO)
Package etexcmds Info: Could not find \expanded.
(etexcmds)             That can mean that you are not using pdfTeX 1.50 or
(etexcmds)             that some package has redefined \expanded.
(etexcmds)             In the latter case, load this package earlier.
Package: kvsetkeys 2016/05/16 v1.17 Key value parser (HO)
Package: kvdefinekeys 2016/05/16 v1.4 Define keys (HO)
Package hobsub Info: Skipping package `pdftexcmds' (already loaded).
Package hobsub Info: Skipping package `pdfescape' (already loaded).
Package: bigintcalc 2016/05/16 v1.4 Expandable calculations on big integers (HO
)
Package: bitset 2016/05/16 v1.2 Handle bit-vector datatype (HO)
Package: uniquecounter 2016/05/16 v1.3 Provide unlimited unique counter (HO)
)
Package hobsub Info: Skipping package `hobsub' (already loaded).
Package: letltxmacro 2016/05/16 v1.5 Let assignment for LaTeX macros (HO)
Package: hopatch 2016/05/16 v1.3 Wrapper for package hooks (HO)
Package: xcolor-patch 2016/05/16 xcolor patch
Package: atveryend 2016/05/16 v1.9 Hooks at the very end of document (HO)
Package atveryend Info: \enddocument detected (standard20110627).
Package: atbegshi 2016/06/09 v1.18 At begin shipout hook (HO)
Package: refcount 2016/05/16 v3.5 Data extraction from label references (HO)
Package: hycolor 2016/05/16 v1.8 Color options for hyperref/bookmark (HO)
) (/usr/local/texlive/2018/texmf-dist/tex/latex/oberdiek/auxhook.sty
Package: auxhook 2016/05/16 v1.4 Hooks for auxiliary files (HO)
) (/usr/local/texlive/2018/texmf-dist/tex/latex/oberdiek/kvoptions.sty
Package: kvoptions 2016/05/16 v3.12 Key value format for package options (HO)
)
\@linkdim=\dimen113
\Hy@linkcounter=\count102
\Hy@pagecounter=\count103
(/usr/local/texlive/2018/texmf-dist/tex/latex/hyperref/pd1enc.def
File: pd1enc.def 2018/02/06 v6.86b Hyperref: PDFDocEncoding definition (HO)
Now handling font encoding PD1 ...
... no UTF-8 mapping file for font encoding PD1
)
\Hy@SavedSpaceFactor=\count104
(/usr/local/texlive/2018/texmf-dist/tex/latex/latexconfig/hyperref.cfg
File: hyperref.cfg 2002/06/06 v1.2 hyperref configuration of TeXLive
)
Package hyperref Info: Option `unicode' set `true' on input line 4383.
(/usr/local/texlive/2018/texmf-dist/tex/latex/hyperref/puenc.def
File: puenc.def 2018/02/06 v6.86b Hyperref: PDF Unicode definition (HO)
Now handling font encoding PU ...
... no UTF-8 mapping file for font encoding PU
)
Package hyperref Info: Hyper figures OFF on input line 4509.
Package hyperref Info: Link nesting OFF on input line 4514.
Package hyperref Info: Hyper index ON on input line 4517.
Package hyperref Info: Plain pages OFF on input line 4524.
Package hyperref Info: Backreferencing OFF on input line 4529.
Package hyperref Info: Implicit mode ON; LaTeX internals redefined.
Package hyperref Info: Bookmarks ON on input line 4762.
\c@Hy@tempcnt=\count105
LaTeX Info: Redefining \url on input line 5115.
\XeTeXLinkMargin=\dimen114
\Fld@menulength=\count106
\Field@Width=\dimen115
\Fld@charsize=\dimen116
Package hyperref Info: Hyper figures OFF on input line 6369.
Package hyperref Info: Link nesting OFF on input line 6374.
Package hyperref Info: Hyper index ON on input line 6377.
Package hyperref Info: backreferencing OFF on input line 6384.
Package hyperref Info: Link coloring OFF on input line 6389.
Package hyperref Info: Link coloring with OCG OFF on input line 6394.
Package hyperref Info: PDF/A mode OFF on input line 6399.
LaTeX Info: Redefining \ref on input line 6439.
LaTeX Info: Redefining \pageref on input line 6443.
\Hy@abspage=\count107
\c@Item=\count108
\c@Hfootnote=\count109
)
Package hyperref Info: Driver (autodetected): hpdftex.
(/usr/local/texlive/2018/texmf-dist/tex/latex/hyperref/hpdftex.def
File: hpdftex.def 2018/02/06 v6.86b Hyperref driver for pdfTeX
\Fld@listcount=\count110
\c@bookmark@seq@number=\count111
(/usr/local/texlive/2018/texmf-dist/tex/latex/oberdiek/rerunfilecheck.sty
Package: rerunfilecheck 2016/05/16 v1.8 Rerun checks for auxiliary files (HO)
Package uniquecounter Info: New unique counter `rerunfilecheck' on input line 2
82.
)
\Hy@SectionHShift=\skip47
) (/usr/local/texlive/2018/texmf-dist/tex/latex/oberdiek/bkm-pdftex.def
File: bkm-pdftex.def 2016/05/17 v1.26 bookmark driver for pdfTeX (HO)
\BKM@id=\count112
)) (/usr/local/texlive/2018/texmf-dist/tex/latex/geometry/geometry.sty
Package: geometry 2018/03/24 v5.7 Page Geometry
\Gm@cnth=\count113
\Gm@cntv=\count114
\c@Gm@tempcnt=\count115
\Gm@bindingoffset=\dimen117
\Gm@wd@mp=\dimen118
\Gm@odd@mp=\dimen119
\Gm@even@mp=\dimen120
\Gm@layoutwidth=\dimen121
\Gm@layoutheight=\dimen122
\Gm@layouthoffset=\dimen123
\Gm@layoutvoffset=\dimen124
\Gm@dimlist=\toks24
) (/usr/local/texlive/2018/texmf-dist/tex/latex/graphics/graphicx.sty
Package: graphicx 2017/06/01 v1.1a Enhanced LaTeX Graphics (DPC,SPQR)
(/usr/local/texlive/2018/texmf-dist/tex/latex/graphics/graphics.sty
Package: graphics 2017/06/25 v1.2c Standard LaTeX Graphics (DPC,SPQR)
(/usr/local/texlive/2018/texmf-dist/tex/latex/graphics/trig.sty
Package: trig 2016/01/03 v1.10 sin cos tan (DPC)
) (/usr/local/texlive/2018/texmf-dist/tex/latex/graphics-cfg/graphics.cfg
File: graphics.cfg 2016/06/04 v1.11 sample graphics configuration
)
Package graphics Info: Driver file: pdftex.def on input line 99.
)
\Gin@req@height=\dimen125
\Gin@req@width=\dimen126
) (/usr/local/texlive/2018/texmf-dist/tex/latex/oberdiek/grffile.sty
Package: grffile 2017/06/30 v1.18 Extended file name support for graphics (HO)
Package grffile Info: Option `multidot' is set to `true'.
Package grffile Info: Option `extendedchars' is set to `false'.
Package grffile Info: Option `space' is set to `true'.
Package grffile Info: \Gin@ii of package `graphicx' fixed on input line 494.
) (./STAT_771_Class_Project_Rev.aux

LaTeX Warning: Label `tab:unnamed-chunk-9' multiply defined.


LaTeX Warning: Label `tab:unnamed-chunk-14' multiply defined.


LaTeX Warning: Label `tab:unnamed-chunk-32' multiply defined.


LaTeX Warning: Label `tab:unnamed-chunk-32' multiply defined.


LaTeX Warning: Label `tab:unnamed-chunk-32' multiply defined.


LaTeX Warning: Label `tab:unnamed-chunk-32' multiply defined.


LaTeX Warning: Label `tab:unnamed-chunk-32' multiply defined.


LaTeX Warning: Label `tab:unnamed-chunk-32' multiply defined.


LaTeX Warning: Label `tab:unnamed-chunk-32' multiply defined.


LaTeX Warning: Label `tab:unnamed-chunk-32' multiply defined.


LaTeX Warning: Label `tab:unnamed-chunk-32' multiply defined.


LaTeX Warning: Label `tab:unnamed-chunk-32' multiply defined.


LaTeX Warning: Label `tab:unnamed-chunk-32' multiply defined.


LaTeX Warning: Label `tab:unnamed-chunk-36' multiply defined.


LaTeX Warning: Label `tab:unnamed-chunk-38' multiply defined.


LaTeX Warning: Label `tab:unnamed-chunk-43' multiply defined.

)
\openout1 = `STAT_771_Class_Project_Rev.aux'.

LaTeX Font Info:    Checking defaults for OML/cmm/m/it on input line 67.
LaTeX Font Info:    ... okay on input line 67.
LaTeX Font Info:    Checking defaults for T1/cmr/m/n on input line 67.
LaTeX Font Info:    ... okay on input line 67.
LaTeX Font Info:    Checking defaults for OT1/cmr/m/n on input line 67.
LaTeX Font Info:    ... okay on input line 67.
LaTeX Font Info:    Checking defaults for OMS/cmsy/m/n on input line 67.
LaTeX Font Info:    ... okay on input line 67.
LaTeX Font Info:    Checking defaults for OMX/cmex/m/n on input line 67.
LaTeX Font Info:    ... okay on input line 67.
LaTeX Font Info:    Checking defaults for U/cmr/m/n on input line 67.
LaTeX Font Info:    ... okay on input line 67.
LaTeX Font Info:    Checking defaults for TS1/cmr/m/n on input line 67.
LaTeX Font Info:    Try loading font information for TS1+cmr on input line 67.
(/usr/local/texlive/2018/texmf-dist/tex/latex/base/ts1cmr.fd
File: ts1cmr.fd 2014/09/29 v2.5h Standard LaTeX font definitions
)
LaTeX Font Info:    ... okay on input line 67.
LaTeX Font Info:    Checking defaults for PD1/pdf/m/n on input line 67.
LaTeX Font Info:    ... okay on input line 67.
LaTeX Font Info:    Checking defaults for PU/pdf/m/n on input line 67.
LaTeX Font Info:    ... okay on input line 67.
LaTeX Font Info:    Try loading font information for T1+lmr on input line 67.
(/usr/local/texlive/2018/texmf-dist/tex/latex/lm/t1lmr.fd
File: t1lmr.fd 2009/10/30 v1.6 Font defs for Latin Modern
)
LaTeX Info: Redefining \microtypecontext on input line 67.
Package microtype Info: Generating PDF output.
Package microtype Info: Character protrusion enabled (level 2).
Package microtype Info: Using protrusion set `basicmath'.
Package microtype Info: Automatic font expansion enabled (level 2),
(microtype)             stretch: 20, shrink: 20, step: 1, non-selected.
Package microtype Info: Using default expansion set `basictext'.
Package microtype Info: No adjustment of tracking.
Package microtype Info: No adjustment of interword spacing.
Package microtype Info: No adjustment of character kerning.
(/usr/local/texlive/2018/texmf-dist/tex/latex/microtype/mt-cmr.cfg
File: mt-cmr.cfg 2013/05/19 v2.2 microtype config. file: Computer Modern Roman 
(RS)
) (/usr/local/texlive/2018/texmf-dist/tex/context/base/mkii/supp-pdf.mkii
[Loading MPS to PDF converter (version 2006.09.02).]
\scratchcounter=\count116
\scratchdimen=\dimen127
\scratchbox=\box28
\nofMPsegments=\count117
\nofMParguments=\count118
\everyMPshowfont=\toks25
\MPscratchCnt=\count119
\MPscratchDim=\dimen128
\MPnumerator=\count120
\makeMPintoPDFobject=\count121
\everyMPtoPDFconversion=\toks26
) (/usr/local/texlive/2018/texmf-dist/tex/latex/oberdiek/epstopdf-base.sty
Package: epstopdf-base 2016/05/15 v2.6 Base part for package epstopdf
(/usr/local/texlive/2018/texmf-dist/tex/latex/oberdiek/grfext.sty
Package: grfext 2016/05/16 v1.2 Manage graphics extensions (HO)
)
Package epstopdf-base Info: Redefining graphics rule for `.eps' on input line 4
38.
Package grfext Info: Graphics extension search list:
(grfext)             [.pdf,.png,.jpg,.mps,.jpeg,.jbig2,.jb2,.PDF,.PNG,.JPG,.JPE
G,.JBIG2,.JB2,.eps]
(grfext)             \AppendGraphicsExtensions on input line 456.
(/usr/local/texlive/2018/texmf-dist/tex/latex/latexconfig/epstopdf-sys.cfg
File: epstopdf-sys.cfg 2010/07/13 v1.3 Configuration of (r)epstopdf for TeX Liv
e
))
\AtBeginShipoutBox=\box29
Package hyperref Info: Link coloring OFF on input line 67.
(/usr/local/texlive/2018/texmf-dist/tex/latex/hyperref/nameref.sty
Package: nameref 2016/05/21 v2.44 Cross-referencing by name of section
(/usr/local/texlive/2018/texmf-dist/tex/generic/oberdiek/gettitlestring.sty
Package: gettitlestring 2016/05/16 v1.5 Cleanup title references (HO)
)
\c@section@level=\count122
)
LaTeX Info: Redefining \ref on input line 67.
LaTeX Info: Redefining \pageref on input line 67.
LaTeX Info: Redefining \nameref on input line 67.
*geometry* driver: auto-detecting
*geometry* detected driver: pdftex
*geometry* verbose mode - [ preamble ] result:
* driver: pdftex
* paper: <default>
* layout: <same size as paper>
* layoutoffset:(h,v)=(0.0pt,0.0pt)
* modes: 
* h-part:(L,W,R)=(72.26999pt, 469.75502pt, 72.26999pt)
* v-part:(T,H,B)=(72.26999pt, 650.43001pt, 72.26999pt)
* \paperwidth=614.295pt
* \paperheight=794.96999pt
* \textwidth=469.75502pt
* \textheight=650.43001pt
* \oddsidemargin=0.0pt
* \evensidemargin=0.0pt
* \topmargin=-37.0pt
* \headheight=12.0pt
* \headsep=25.0pt
* \topskip=10.0pt
* \footskip=30.0pt
* \marginparwidth=65.0pt
* \marginparsep=11.0pt
* \columnsep=10.0pt
* \skip\footins=9.0pt plus 4.0pt minus 2.0pt
* \hoffset=0.0pt
* \voffset=0.0pt
* \mag=1000
* \@twocolumnfalse
* \@twosidefalse
* \@mparswitchfalse
* \@reversemarginfalse
* (1in=72.27pt=25.4mm, 1cm=28.453pt)

LaTeX Font Info:    Try loading font information for OT1+lmr on input line 69.
(/usr/local/texlive/2018/texmf-dist/tex/latex/lm/ot1lmr.fd
File: ot1lmr.fd 2009/10/30 v1.6 Font defs for Latin Modern
)
LaTeX Font Info:    Try loading font information for OML+lmm on input line 69.
(/usr/local/texlive/2018/texmf-dist/tex/latex/lm/omllmm.fd
File: omllmm.fd 2009/10/30 v1.6 Font defs for Latin Modern
)
LaTeX Font Info:    Try loading font information for OMS+lmsy on input line 69.

(/usr/local/texlive/2018/texmf-dist/tex/latex/lm/omslmsy.fd
File: omslmsy.fd 2009/10/30 v1.6 Font defs for Latin Modern
)
LaTeX Font Info:    Try loading font information for OMX+lmex on input line 69.

(/usr/local/texlive/2018/texmf-dist/tex/latex/lm/omxlmex.fd
File: omxlmex.fd 2009/10/30 v1.6 Font defs for Latin Modern
)
LaTeX Font Info:    External font `lmex10' loaded for size
(Font)              <12> on input line 69.
LaTeX Font Info:    External font `lmex10' loaded for size
(Font)              <8> on input line 69.
LaTeX Font Info:    External font `lmex10' loaded for size
(Font)              <6> on input line 69.
LaTeX Font Info:    Try loading font information for U+msa on input line 69.
(/usr/local/texlive/2018/texmf-dist/tex/latex/amsfonts/umsa.fd
File: umsa.fd 2013/01/14 v3.01 AMS symbols A
) (/usr/local/texlive/2018/texmf-dist/tex/latex/microtype/mt-msa.cfg
File: mt-msa.cfg 2006/02/04 v1.1 microtype config. file: AMS symbols (a) (RS)
)
LaTeX Font Info:    Try loading font information for U+msb on input line 69.
(/usr/local/texlive/2018/texmf-dist/tex/latex/amsfonts/umsb.fd
File: umsb.fd 2013/01/14 v3.01 AMS symbols B
) (/usr/local/texlive/2018/texmf-dist/tex/latex/microtype/mt-msb.cfg
File: mt-msb.cfg 2005/06/01 v1.0 microtype config. file: AMS symbols (b) (RS)
) [1

{/usr/local/texlive/2018/texmf-var/fonts/map/pdftex/updmap/pdftex.map}]
LaTeX Font Info:    External font `lmex10' loaded for size
(Font)              <10> on input line 175.
LaTeX Font Info:    External font `lmex10' loaded for size
(Font)              <7> on input line 175.
LaTeX Font Info:    External font `lmex10' loaded for size
(Font)              <5> on input line 175.
<Figs/unnamed-chunk-7-1.pdf, id=33, 440.64626pt x 301.125pt>
File: Figs/unnamed-chunk-7-1.pdf Graphic file (type pdf)
<use Figs/unnamed-chunk-7-1.pdf>
Package pdftex.def Info: Figs/unnamed-chunk-7-1.pdf  used on input line 191.
(pdftex.def)             Requested size: 440.66533pt x 301.13803pt.
[2] [3 <./Figs/unnamed-chunk-7-1.pdf>]
<Figs/unnamed-chunk-12-1.pdf, id=70, 445.665pt x 286.06876pt>
File: Figs/unnamed-chunk-12-1.pdf Graphic file (type pdf)
<use Figs/unnamed-chunk-12-1.pdf>
Package pdftex.def Info: Figs/unnamed-chunk-12-1.pdf  used on input line 272.
(pdftex.def)             Requested size: 445.6707pt x 286.07242pt.
[4 <./Figs/unnamed-chunk-12-1.pdf>]
<Figs/unnamed-chunk-20-1.pdf, id=93, 440.64626pt x 283.0575pt>
File: Figs/unnamed-chunk-20-1.pdf Graphic file (type pdf)
<use Figs/unnamed-chunk-20-1.pdf>
Package pdftex.def Info: Figs/unnamed-chunk-20-1.pdf  used on input line 375.
(pdftex.def)             Requested size: 440.66533pt x 283.06975pt.
[5]
LaTeX Font Info:    Try loading font information for T1+lmtt on input line 377.

(/usr/local/texlive/2018/texmf-dist/tex/latex/lm/t1lmtt.fd
File: t1lmtt.fd 2009/10/30 v1.6 Font defs for Latin Modern
)
<Figs/unnamed-chunk-23-1.pdf, id=105, 440.64626pt x 301.125pt>
File: Figs/unnamed-chunk-23-1.pdf Graphic file (type pdf)
<use Figs/unnamed-chunk-23-1.pdf>
Package pdftex.def Info: Figs/unnamed-chunk-23-1.pdf  used on input line 393.
(pdftex.def)             Requested size: 440.66533pt x 301.13803pt.
[6 <./Figs/unnamed-chunk-20-1.pdf>]
Overfull \hbox (401.74245pt too wide) in paragraph at lines 404--404
[]\T1/lmtt/m/n/10 ## [1] "The best multivariate CAViaR model for the time perio
d from 2008-01-04 to 2008-12-30 is No AR and the best univariate CAViaR model f
or the time period is SAV"[] 
 []

<Figs/unnamed-chunk-28-1.pdf, id=119, 436.63126pt x 286.06876pt>
File: Figs/unnamed-chunk-28-1.pdf Graphic file (type pdf)
<use Figs/unnamed-chunk-28-1.pdf>
Package pdftex.def Info: Figs/unnamed-chunk-28-1.pdf  used on input line 406.
(pdftex.def)             Requested size: 436.63019pt x 286.06805pt.
[7 <./Figs/unnamed-chunk-23-1.pdf>]
Overfull \hbox (7.99359pt too wide) in paragraph at lines 437--437
[]\T1/lmtt/m/n/10 ## \caption{\label{tab:unnamed-chunk-28}Optimal Parameters fo
r the Candidate Distributions}[] 
 []

<Figs/unnamed-chunk-29-1.pdf, id=135, 446.66875pt x 286.06876pt>
File: Figs/unnamed-chunk-29-1.pdf Graphic file (type pdf)
<use Figs/unnamed-chunk-29-1.pdf>
Package pdftex.def Info: Figs/unnamed-chunk-29-1.pdf  used on input line 439.
(pdftex.def)             Requested size: 446.67445pt x 286.07242pt.
[8 <./Figs/unnamed-chunk-28-1.pdf>]
Overfull \hbox (7.99359pt too wide) in paragraph at lines 470--470
[]\T1/lmtt/m/n/10 ## \caption{\label{tab:unnamed-chunk-29}Optimal Parameters fo
r the Candidate Distributions}[] 
 []

<Figs/unnamed-chunk-32-1.pdf, id=148, 436.63126pt x 286.06876pt>
File: Figs/unnamed-chunk-32-1.pdf Graphic file (type pdf)
<use Figs/unnamed-chunk-32-1.pdf>
Package pdftex.def Info: Figs/unnamed-chunk-32-1.pdf  used on input line 488.
(pdftex.def)             Requested size: 436.63019pt x 286.06805pt.

Overfull \hbox (212.88014pt too wide) in paragraph at lines 485--489
\T1/lmr/m/n/10 (-20) best uni-vari-ate CAViaR model for the time pe-riod is SAV
'' [] 
 []

[9 <./Figs/unnamed-chunk-29-1.pdf>]
<Figs/unnamed-chunk-32-2.pdf, id=163, 446.66875pt x 286.06876pt>
File: Figs/unnamed-chunk-32-2.pdf Graphic file (type pdf)
<use Figs/unnamed-chunk-32-2.pdf>
Package pdftex.def Info: Figs/unnamed-chunk-32-2.pdf  used on input line 519.
(pdftex.def)             Requested size: 446.67445pt x 286.07242pt.
[10 <./Figs/unnamed-chunk-32-1.pdf>]
<Figs/unnamed-chunk-32-3.pdf, id=186, 440.64626pt x 301.125pt>
File: Figs/unnamed-chunk-32-3.pdf Graphic file (type pdf)
<use Figs/unnamed-chunk-32-3.pdf>
Package pdftex.def Info: Figs/unnamed-chunk-32-3.pdf  used on input line 550.
(pdftex.def)             Requested size: 440.66533pt x 301.13803pt.
<Figs/unnamed-chunk-32-4.pdf, id=187, 422.57875pt x 286.06876pt>
File: Figs/unnamed-chunk-32-4.pdf Graphic file (type pdf)
<use Figs/unnamed-chunk-32-4.pdf>
Package pdftex.def Info: Figs/unnamed-chunk-32-4.pdf  used on input line 553.
(pdftex.def)             Requested size: 422.58415pt x 286.07242pt.

Underfull \hbox (badness 10000) in paragraph at lines 550--554
[][] \T1/lmr/m/n/10 (+20) [1]
 []


Overfull \hbox (217.45145pt too wide) in paragraph at lines 550--554
\T1/lmr/m/n/10 (-20) uni-vari-ate CAViaR model for the time pe-riod is Ind. GAR
CH'' [] 
 []

[11 <./Figs/unnamed-chunk-32-2.pdf>]
<Figs/unnamed-chunk-32-5.pdf, id=202, 422.57875pt x 286.06876pt>
File: Figs/unnamed-chunk-32-5.pdf Graphic file (type pdf)
<use Figs/unnamed-chunk-32-5.pdf>
Package pdftex.def Info: Figs/unnamed-chunk-32-5.pdf  used on input line 584.
(pdftex.def)             Requested size: 422.58415pt x 286.07242pt.
[12 <./Figs/unnamed-chunk-32-3.pdf> <./Figs/unnamed-chunk-32-4.pdf>]
<Figs/unnamed-chunk-32-6.pdf, id=223, 440.64626pt x 301.125pt>
File: Figs/unnamed-chunk-32-6.pdf Graphic file (type pdf)
<use Figs/unnamed-chunk-32-6.pdf>
Package pdftex.def Info: Figs/unnamed-chunk-32-6.pdf  used on input line 615.
(pdftex.def)             Requested size: 440.66533pt x 301.13803pt.
<Figs/unnamed-chunk-32-7.pdf, id=224, 422.57875pt x 286.06876pt>
File: Figs/unnamed-chunk-32-7.pdf Graphic file (type pdf)
<use Figs/unnamed-chunk-32-7.pdf>
Package pdftex.def Info: Figs/unnamed-chunk-32-7.pdf  used on input line 618.
(pdftex.def)             Requested size: 422.58415pt x 286.07242pt.

Underfull \hbox (badness 10000) in paragraph at lines 615--619
[][] \T1/lmr/m/n/10 (+20) [1]
 []


Overfull \hbox (214.32011pt too wide) in paragraph at lines 615--619
\T1/lmr/m/n/10 (-20) uni-vari-ate CAViaR model for the time pe-riod is Asym. Sl
ope'' [] 
 []

[13 <./Figs/unnamed-chunk-32-5.pdf>] [14 <./Figs/unnamed-chunk-32-6.pdf>]
<Figs/unnamed-chunk-32-8.pdf, id=254, 439.6425pt x 286.06876pt>
File: Figs/unnamed-chunk-32-8.pdf Graphic file (type pdf)
<use Figs/unnamed-chunk-32-8.pdf>
Package pdftex.def Info: Figs/unnamed-chunk-32-8.pdf  used on input line 649.
(pdftex.def)             Requested size: 439.64812pt x 286.07242pt.
[15 <./Figs/unnamed-chunk-32-7.pdf>]
<Figs/unnamed-chunk-32-9.pdf, id=269, 440.64626pt x 301.125pt>
File: Figs/unnamed-chunk-32-9.pdf Graphic file (type pdf)
<use Figs/unnamed-chunk-32-9.pdf>
Package pdftex.def Info: Figs/unnamed-chunk-32-9.pdf  used on input line 680.
(pdftex.def)             Requested size: 440.66533pt x 301.13803pt.
[16 <./Figs/unnamed-chunk-32-8.pdf>]
<Figs/unnamed-chunk-34-1.pdf, id=284, 445.665pt x 286.06876pt>
File: Figs/unnamed-chunk-34-1.pdf Graphic file (type pdf)
<use Figs/unnamed-chunk-34-1.pdf>
Package pdftex.def Info: Figs/unnamed-chunk-34-1.pdf  used on input line 682.
(pdftex.def)             Requested size: 445.6707pt x 286.07242pt.
[17 <./Figs/unnamed-chunk-32-9.pdf> <./Figs/unnamed-chunk-34-1.pdf>] [18]
<Figs/unnamed-chunk-41-1.pdf, id=318, 445.665pt x 286.06876pt>
File: Figs/unnamed-chunk-41-1.pdf Graphic file (type pdf)
<use Figs/unnamed-chunk-41-1.pdf>
Package pdftex.def Info: Figs/unnamed-chunk-41-1.pdf  used on input line 818.
(pdftex.def)             Requested size: 445.6707pt x 286.07242pt.
[19 <./Figs/unnamed-chunk-41-1.pdf>]
<Figs/unnamed-chunk-49-1.pdf, id=337, 440.64626pt x 283.0575pt>
File: Figs/unnamed-chunk-49-1.pdf Graphic file (type pdf)
<use Figs/unnamed-chunk-49-1.pdf>
Package pdftex.def Info: Figs/unnamed-chunk-49-1.pdf  used on input line 921.
(pdftex.def)             Requested size: 440.66533pt x 283.06975pt.
[20]
LaTeX Font Info:    Try loading font information for TS1+lmr on input line 949.

(/usr/local/texlive/2018/texmf-dist/tex/latex/lm/ts1lmr.fd
File: ts1lmr.fd 2009/10/30 v1.6 Font defs for Latin Modern
) [21 <./Figs/unnamed-chunk-49-1.pdf>]
<Figs/unnamed-chunk-69-1.pdf, id=365, 446.66875pt x 286.06876pt>
File: Figs/unnamed-chunk-69-1.pdf Graphic file (type pdf)
<use Figs/unnamed-chunk-69-1.pdf>
Package pdftex.def Info: Figs/unnamed-chunk-69-1.pdf  used on input line 1063.
(pdftex.def)             Requested size: 446.67445pt x 286.07242pt.
[22]
<Figs/unnamed-chunk-71-1.pdf, id=389, 446.66875pt x 286.06876pt>
File: Figs/unnamed-chunk-71-1.pdf Graphic file (type pdf)
<use Figs/unnamed-chunk-71-1.pdf>
Package pdftex.def Info: Figs/unnamed-chunk-71-1.pdf  used on input line 1073.
(pdftex.def)             Requested size: 446.67445pt x 286.07242pt.
[23 <./Figs/unnamed-chunk-69-1.pdf>] [24 <./Figs/unnamed-chunk-71-1.pdf>]
Overfull \hbox (401.74245pt too wide) in paragraph at lines 1137--1137
[]\T1/lmtt/m/n/10 ## [1] "The best multivariate CAViaR model for the time perio
d from 2008-01-04 to 2008-12-30 is No AR and the best univariate CAViaR model f
or the time period is SAV"[] 
 []

<Figs/unnamed-chunk-73-1.pdf, id=421, 436.63126pt x 286.06876pt>
File: Figs/unnamed-chunk-73-1.pdf Graphic file (type pdf)
<use Figs/unnamed-chunk-73-1.pdf>
Package pdftex.def Info: Figs/unnamed-chunk-73-1.pdf  used on input line 1139.
(pdftex.def)             Requested size: 436.63019pt x 286.06805pt.

Overfull \hbox (7.99359pt too wide) in paragraph at lines 1170--1170
[]\T1/lmtt/m/n/10 ## \caption{\label{tab:unnamed-chunk-73}Optimal Parameters fo
r the Candidate Distributions}[] 
 []

[25 <./Figs/unnamed-chunk-73-1.pdf>]
<Figs/unnamed-chunk-73-2.pdf, id=441, 446.66875pt x 286.06876pt>
File: Figs/unnamed-chunk-73-2.pdf Graphic file (type pdf)
<use Figs/unnamed-chunk-73-2.pdf>
Package pdftex.def Info: Figs/unnamed-chunk-73-2.pdf  used on input line 1172.
(pdftex.def)             Requested size: 446.67445pt x 286.07242pt.

Overfull \hbox (7.99359pt too wide) in paragraph at lines 1203--1203
[]\T1/lmtt/m/n/10 ## \caption{\label{tab:unnamed-chunk-73}Optimal Parameters fo
r the Candidate Distributions}[] 
 []

[26 <./Figs/unnamed-chunk-73-2.pdf>]
<Figs/unnamed-chunk-73-3.pdf, id=454, 440.64626pt x 301.125pt>
File: Figs/unnamed-chunk-73-3.pdf Graphic file (type pdf)
<use Figs/unnamed-chunk-73-3.pdf>
Package pdftex.def Info: Figs/unnamed-chunk-73-3.pdf  used on input line 1205.
(pdftex.def)             Requested size: 440.66533pt x 301.13803pt.

Overfull \hbox (438.49234pt too wide) in paragraph at lines 1209--1209
[]\T1/lmtt/m/n/10 ## [1] "The best multivariate CAViaR model for the time perio
d from 2008-01-04 to 2008-12-30 is No AR and the best univariate CAViaR model f
or the time period is Ind. GARCH"[] 
 []

<Figs/unnamed-chunk-73-4.pdf, id=455, 422.57875pt x 286.06876pt>
File: Figs/unnamed-chunk-73-4.pdf Graphic file (type pdf)
<use Figs/unnamed-chunk-73-4.pdf>
Package pdftex.def Info: Figs/unnamed-chunk-73-4.pdf  used on input line 1211.
(pdftex.def)             Requested size: 422.58415pt x 286.07242pt.
[27 <./Figs/unnamed-chunk-73-3.pdf>]
Overfull \hbox (7.99359pt too wide) in paragraph at lines 1242--1242
[]\T1/lmtt/m/n/10 ## \caption{\label{tab:unnamed-chunk-73}Optimal Parameters fo
r the Candidate Distributions}[] 
 []

<Figs/unnamed-chunk-73-5.pdf, id=468, 422.57875pt x 286.06876pt>
File: Figs/unnamed-chunk-73-5.pdf Graphic file (type pdf)
<use Figs/unnamed-chunk-73-5.pdf>
Package pdftex.def Info: Figs/unnamed-chunk-73-5.pdf  used on input line 1244.
(pdftex.def)             Requested size: 422.58415pt x 286.07242pt.
[28 <./Figs/unnamed-chunk-73-4.pdf>]
Overfull \hbox (7.99359pt too wide) in paragraph at lines 1275--1275
[]\T1/lmtt/m/n/10 ## \caption{\label{tab:unnamed-chunk-73}Optimal Parameters fo
r the Candidate Distributions}[] 
 []

<Figs/unnamed-chunk-73-6.pdf, id=481, 440.64626pt x 301.125pt>
File: Figs/unnamed-chunk-73-6.pdf Graphic file (type pdf)
<use Figs/unnamed-chunk-73-6.pdf>
Package pdftex.def Info: Figs/unnamed-chunk-73-6.pdf  used on input line 1277.
(pdftex.def)             Requested size: 440.66533pt x 301.13803pt.
[29 <./Figs/unnamed-chunk-73-5.pdf>]
Overfull \hbox (443.74232pt too wide) in paragraph at lines 1281--1281
[]\T1/lmtt/m/n/10 ## [1] "The best multivariate CAViaR model for the time perio
d from 2008-01-04 to 2008-12-30 is No AR and the best univariate CAViaR model f
or the time period is Asym. Slope"[] 
 []

<Figs/unnamed-chunk-73-7.pdf, id=494, 422.57875pt x 286.06876pt>
File: Figs/unnamed-chunk-73-7.pdf Graphic file (type pdf)
<use Figs/unnamed-chunk-73-7.pdf>
Package pdftex.def Info: Figs/unnamed-chunk-73-7.pdf  used on input line 1283.
(pdftex.def)             Requested size: 422.58415pt x 286.07242pt.

Overfull \hbox (7.99359pt too wide) in paragraph at lines 1314--1314
[]\T1/lmtt/m/n/10 ## \caption{\label{tab:unnamed-chunk-73}Optimal Parameters fo
r the Candidate Distributions}[] 
 []

[30 <./Figs/unnamed-chunk-73-6.pdf> <./Figs/unnamed-chunk-73-7.pdf>]
<Figs/unnamed-chunk-73-8.pdf, id=515, 439.6425pt x 286.06876pt>
File: Figs/unnamed-chunk-73-8.pdf Graphic file (type pdf)
<use Figs/unnamed-chunk-73-8.pdf>
Package pdftex.def Info: Figs/unnamed-chunk-73-8.pdf  used on input line 1316.
(pdftex.def)             Requested size: 439.64812pt x 286.07242pt.

Overfull \hbox (7.99359pt too wide) in paragraph at lines 1347--1347
[]\T1/lmtt/m/n/10 ## \caption{\label{tab:unnamed-chunk-73}Optimal Parameters fo
r the Candidate Distributions}[] 
 []

[31 <./Figs/unnamed-chunk-73-8.pdf>]
<Figs/unnamed-chunk-73-9.pdf, id=529, 440.64626pt x 301.125pt>
File: Figs/unnamed-chunk-73-9.pdf Graphic file (type pdf)
<use Figs/unnamed-chunk-73-9.pdf>
Package pdftex.def Info: Figs/unnamed-chunk-73-9.pdf  used on input line 1349.
(pdftex.def)             Requested size: 440.66533pt x 301.13803pt.

Overfull \hbox (401.74245pt too wide) in paragraph at lines 1356--1356
[]\T1/lmtt/m/n/10 ## [1] "The best multivariate CAViaR model for the time perio
d from 2008-01-04 to 2008-12-30 is No AR and the best univariate CAViaR model f
or the time period is SAV"[] 
 []

[32 <./Figs/unnamed-chunk-73-9.pdf>]
<Figs/unnamed-chunk-74-1.pdf, id=543, 436.63126pt x 286.06876pt>
File: Figs/unnamed-chunk-74-1.pdf Graphic file (type pdf)
<use Figs/unnamed-chunk-74-1.pdf>
Package pdftex.def Info: Figs/unnamed-chunk-74-1.pdf  used on input line 1358.
(pdftex.def)             Requested size: 436.63019pt x 286.06805pt.

Overfull \hbox (7.99359pt too wide) in paragraph at lines 1389--1389
[]\T1/lmtt/m/n/10 ## \caption{\label{tab:unnamed-chunk-74}Optimal Parameters fo
r the Candidate Distributions}[] 
 []

[33 <./Figs/unnamed-chunk-74-1.pdf>]
<Figs/unnamed-chunk-74-2.pdf, id=557, 446.66875pt x 286.06876pt>
File: Figs/unnamed-chunk-74-2.pdf Graphic file (type pdf)
<use Figs/unnamed-chunk-74-2.pdf>
Package pdftex.def Info: Figs/unnamed-chunk-74-2.pdf  used on input line 1391.
(pdftex.def)             Requested size: 446.67445pt x 286.07242pt.

Overfull \hbox (7.99359pt too wide) in paragraph at lines 1422--1422
[]\T1/lmtt/m/n/10 ## \caption{\label{tab:unnamed-chunk-74}Optimal Parameters fo
r the Candidate Distributions}[] 
 []

[34 <./Figs/unnamed-chunk-74-2.pdf>]
<Figs/unnamed-chunk-74-3.pdf, id=571, 440.64626pt x 301.125pt>
File: Figs/unnamed-chunk-74-3.pdf Graphic file (type pdf)
<use Figs/unnamed-chunk-74-3.pdf>
Package pdftex.def Info: Figs/unnamed-chunk-74-3.pdf  used on input line 1424.
(pdftex.def)             Requested size: 440.66533pt x 301.13803pt.

Overfull \hbox (438.49234pt too wide) in paragraph at lines 1428--1428
[]\T1/lmtt/m/n/10 ## [1] "The best multivariate CAViaR model for the time perio
d from 2008-01-04 to 2008-12-30 is No AR and the best univariate CAViaR model f
or the time period is Ind. GARCH"[] 
 []

<Figs/unnamed-chunk-74-4.pdf, id=572, 422.57875pt x 286.06876pt>
File: Figs/unnamed-chunk-74-4.pdf Graphic file (type pdf)
<use Figs/unnamed-chunk-74-4.pdf>
Package pdftex.def Info: Figs/unnamed-chunk-74-4.pdf  used on input line 1430.
(pdftex.def)             Requested size: 422.58415pt x 286.07242pt.
[35 <./Figs/unnamed-chunk-74-3.pdf> <./Figs/unnamed-chunk-74-4.pdf>]
Overfull \hbox (7.99359pt too wide) in paragraph at lines 1461--1461
[]\T1/lmtt/m/n/10 ## \caption{\label{tab:unnamed-chunk-74}Optimal Parameters fo
r the Candidate Distributions}[] 
 []

<Figs/unnamed-chunk-74-5.pdf, id=593, 422.57875pt x 286.06876pt>
File: Figs/unnamed-chunk-74-5.pdf Graphic file (type pdf)
<use Figs/unnamed-chunk-74-5.pdf>
Package pdftex.def Info: Figs/unnamed-chunk-74-5.pdf  used on input line 1463.
(pdftex.def)             Requested size: 422.58415pt x 286.07242pt.

Overfull \hbox (7.99359pt too wide) in paragraph at lines 1494--1494
[]\T1/lmtt/m/n/10 ## \caption{\label{tab:unnamed-chunk-74}Optimal Parameters fo
r the Candidate Distributions}[] 
 []

[36 <./Figs/unnamed-chunk-74-5.pdf>]
<Figs/unnamed-chunk-74-6.pdf, id=606, 440.64626pt x 301.125pt>
File: Figs/unnamed-chunk-74-6.pdf Graphic file (type pdf)
<use Figs/unnamed-chunk-74-6.pdf>
Package pdftex.def Info: Figs/unnamed-chunk-74-6.pdf  used on input line 1496.
(pdftex.def)             Requested size: 440.66533pt x 301.13803pt.

Overfull \hbox (443.74232pt too wide) in paragraph at lines 1500--1500
[]\T1/lmtt/m/n/10 ## [1] "The best multivariate CAViaR model for the time perio
d from 2008-01-04 to 2008-12-30 is No AR and the best univariate CAViaR model f
or the time period is Asym. Slope"[] 
 []

<Figs/unnamed-chunk-74-7.pdf, id=607, 422.57875pt x 286.06876pt>
File: Figs/unnamed-chunk-74-7.pdf Graphic file (type pdf)
<use Figs/unnamed-chunk-74-7.pdf>
Package pdftex.def Info: Figs/unnamed-chunk-74-7.pdf  used on input line 1502.
(pdftex.def)             Requested size: 422.58415pt x 286.07242pt.
[37 <./Figs/unnamed-chunk-74-6.pdf>]
Overfull \hbox (7.99359pt too wide) in paragraph at lines 1533--1533
[]\T1/lmtt/m/n/10 ## \caption{\label{tab:unnamed-chunk-74}Optimal Parameters fo
r the Candidate Distributions}[] 
 []

<Figs/unnamed-chunk-74-8.pdf, id=621, 439.6425pt x 286.06876pt>
File: Figs/unnamed-chunk-74-8.pdf Graphic file (type pdf)
<use Figs/unnamed-chunk-74-8.pdf>
Package pdftex.def Info: Figs/unnamed-chunk-74-8.pdf  used on input line 1535.
(pdftex.def)             Requested size: 439.64812pt x 286.07242pt.
[38 <./Figs/unnamed-chunk-74-7.pdf>]
Overfull \hbox (7.99359pt too wide) in paragraph at lines 1566--1566
[]\T1/lmtt/m/n/10 ## \caption{\label{tab:unnamed-chunk-74}Optimal Parameters fo
r the Candidate Distributions}[] 
 []

<Figs/unnamed-chunk-74-9.pdf, id=634, 440.64626pt x 301.125pt>
File: Figs/unnamed-chunk-74-9.pdf Graphic file (type pdf)
<use Figs/unnamed-chunk-74-9.pdf>
Package pdftex.def Info: Figs/unnamed-chunk-74-9.pdf  used on input line 1568.
(pdftex.def)             Requested size: 440.66533pt x 301.13803pt.
[39 <./Figs/unnamed-chunk-74-8.pdf>]
Overfull \hbox (401.74245pt too wide) in paragraph at lines 1575--1575
[]\T1/lmtt/m/n/10 ## [1] "The best multivariate CAViaR model for the time perio
d from 2008-01-04 to 2008-12-30 is No AR and the best univariate CAViaR model f
or the time period is SAV"[] 
 []

<Figs/unnamed-chunk-75-1.pdf, id=647, 436.63126pt x 286.06876pt>
File: Figs/unnamed-chunk-75-1.pdf Graphic file (type pdf)
<use Figs/unnamed-chunk-75-1.pdf>
Package pdftex.def Info: Figs/unnamed-chunk-75-1.pdf  used on input line 1577.
(pdftex.def)             Requested size: 436.63019pt x 286.06805pt.
[40 <./Figs/unnamed-chunk-74-9.pdf>]
Overfull \hbox (7.99359pt too wide) in paragraph at lines 1608--1608
[]\T1/lmtt/m/n/10 ## \caption{\label{tab:unnamed-chunk-75}Optimal Parameters fo
r the Candidate Distributions}[] 
 []

<Figs/unnamed-chunk-75-2.pdf, id=662, 446.66875pt x 286.06876pt>
File: Figs/unnamed-chunk-75-2.pdf Graphic file (type pdf)
<use Figs/unnamed-chunk-75-2.pdf>
Package pdftex.def Info: Figs/unnamed-chunk-75-2.pdf  used on input line 1610.
(pdftex.def)             Requested size: 446.67445pt x 286.07242pt.
[41 <./Figs/unnamed-chunk-75-1.pdf>]
Overfull \hbox (7.99359pt too wide) in paragraph at lines 1641--1641
[]\T1/lmtt/m/n/10 ## \caption{\label{tab:unnamed-chunk-75}Optimal Parameters fo
r the Candidate Distributions}[] 
 []

<Figs/unnamed-chunk-75-3.pdf, id=675, 440.64626pt x 301.125pt>
File: Figs/unnamed-chunk-75-3.pdf Graphic file (type pdf)
<use Figs/unnamed-chunk-75-3.pdf>
Package pdftex.def Info: Figs/unnamed-chunk-75-3.pdf  used on input line 1643.
(pdftex.def)             Requested size: 440.66533pt x 301.13803pt.
[42 <./Figs/unnamed-chunk-75-2.pdf>]
Overfull \hbox (438.49234pt too wide) in paragraph at lines 1647--1647
[]\T1/lmtt/m/n/10 ## [1] "The best multivariate CAViaR model for the time perio
d from 2008-01-04 to 2008-12-30 is No AR and the best univariate CAViaR model f
or the time period is Ind. GARCH"[] 
 []

<Figs/unnamed-chunk-75-4.pdf, id=688, 422.57875pt x 286.06876pt>
File: Figs/unnamed-chunk-75-4.pdf Graphic file (type pdf)
<use Figs/unnamed-chunk-75-4.pdf>
Package pdftex.def Info: Figs/unnamed-chunk-75-4.pdf  used on input line 1649.
(pdftex.def)             Requested size: 422.58415pt x 286.07242pt.

Overfull \hbox (7.99359pt too wide) in paragraph at lines 1680--1680
[]\T1/lmtt/m/n/10 ## \caption{\label{tab:unnamed-chunk-75}Optimal Parameters fo
r the Candidate Distributions}[] 
 []

[43 <./Figs/unnamed-chunk-75-3.pdf> <./Figs/unnamed-chunk-75-4.pdf>]
<Figs/unnamed-chunk-75-5.pdf, id=710, 422.57875pt x 286.06876pt>
File: Figs/unnamed-chunk-75-5.pdf Graphic file (type pdf)
<use Figs/unnamed-chunk-75-5.pdf>
Package pdftex.def Info: Figs/unnamed-chunk-75-5.pdf  used on input line 1682.
(pdftex.def)             Requested size: 422.58415pt x 286.07242pt.

Overfull \hbox (7.99359pt too wide) in paragraph at lines 1713--1713
[]\T1/lmtt/m/n/10 ## \caption{\label{tab:unnamed-chunk-75}Optimal Parameters fo
r the Candidate Distributions}[] 
 []

[44 <./Figs/unnamed-chunk-75-5.pdf>]
<Figs/unnamed-chunk-75-6.pdf, id=724, 440.64626pt x 301.125pt>
File: Figs/unnamed-chunk-75-6.pdf Graphic file (type pdf)
<use Figs/unnamed-chunk-75-6.pdf>
Package pdftex.def Info: Figs/unnamed-chunk-75-6.pdf  used on input line 1715.
(pdftex.def)             Requested size: 440.66533pt x 301.13803pt.

Overfull \hbox (443.74232pt too wide) in paragraph at lines 1719--1719
[]\T1/lmtt/m/n/10 ## [1] "The best multivariate CAViaR model for the time perio
d from 2008-01-04 to 2008-12-30 is No AR and the best univariate CAViaR model f
or the time period is Asym. Slope"[] 
 []

<Figs/unnamed-chunk-75-7.pdf, id=725, 422.57875pt x 286.06876pt>
File: Figs/unnamed-chunk-75-7.pdf Graphic file (type pdf)
<use Figs/unnamed-chunk-75-7.pdf>
Package pdftex.def Info: Figs/unnamed-chunk-75-7.pdf  used on input line 1721.
(pdftex.def)             Requested size: 422.58415pt x 286.07242pt.
[45 <./Figs/unnamed-chunk-75-6.pdf>]
Overfull \hbox (7.99359pt too wide) in paragraph at lines 1752--1752
[]\T1/lmtt/m/n/10 ## \caption{\label{tab:unnamed-chunk-75}Optimal Parameters fo
r the Candidate Distributions}[] 
 []

<Figs/unnamed-chunk-75-8.pdf, id=738, 439.6425pt x 286.06876pt>
File: Figs/unnamed-chunk-75-8.pdf Graphic file (type pdf)
<use Figs/unnamed-chunk-75-8.pdf>
Package pdftex.def Info: Figs/unnamed-chunk-75-8.pdf  used on input line 1754.
(pdftex.def)             Requested size: 439.64812pt x 286.07242pt.
[46 <./Figs/unnamed-chunk-75-7.pdf>]
Overfull \hbox (7.99359pt too wide) in paragraph at lines 1785--1785
[]\T1/lmtt/m/n/10 ## \caption{\label{tab:unnamed-chunk-75}Optimal Parameters fo
r the Candidate Distributions}[] 
 []

<Figs/unnamed-chunk-75-9.pdf, id=751, 440.64626pt x 301.125pt>
File: Figs/unnamed-chunk-75-9.pdf Graphic file (type pdf)
<use Figs/unnamed-chunk-75-9.pdf>
Package pdftex.def Info: Figs/unnamed-chunk-75-9.pdf  used on input line 1787.
(pdftex.def)             Requested size: 440.66533pt x 301.13803pt.
[47 <./Figs/unnamed-chunk-75-8.pdf>]
Overfull \hbox (401.74245pt too wide) in paragraph at lines 1794--1794
[]\T1/lmtt/m/n/10 ## [1] "The best multivariate CAViaR model for the time perio
d from 2008-01-04 to 2008-12-30 is No AR and the best univariate CAViaR model f
or the time period is SAV"[] 
 []

<Figs/unnamed-chunk-76-1.pdf, id=764, 436.63126pt x 286.06876pt>
File: Figs/unnamed-chunk-76-1.pdf Graphic file (type pdf)
<use Figs/unnamed-chunk-76-1.pdf>
Package pdftex.def Info: Figs/unnamed-chunk-76-1.pdf  used on input line 1796.
(pdftex.def)             Requested size: 436.63019pt x 286.06805pt.
[48 <./Figs/unnamed-chunk-75-9.pdf>]
Overfull \hbox (7.99359pt too wide) in paragraph at lines 1827--1827
[]\T1/lmtt/m/n/10 ## \caption{\label{tab:unnamed-chunk-76}Optimal Parameters fo
r the Candidate Distributions}[] 
 []

<Figs/unnamed-chunk-76-2.pdf, id=779, 446.66875pt x 286.06876pt>
File: Figs/unnamed-chunk-76-2.pdf Graphic file (type pdf)
<use Figs/unnamed-chunk-76-2.pdf>
Package pdftex.def Info: Figs/unnamed-chunk-76-2.pdf  used on input line 1829.
(pdftex.def)             Requested size: 446.67445pt x 286.07242pt.
[49 <./Figs/unnamed-chunk-76-1.pdf>]
Overfull \hbox (7.99359pt too wide) in paragraph at lines 1860--1860
[]\T1/lmtt/m/n/10 ## \caption{\label{tab:unnamed-chunk-76}Optimal Parameters fo
r the Candidate Distributions}[] 
 []

<Figs/unnamed-chunk-76-3.pdf, id=793, 440.64626pt x 301.125pt>
File: Figs/unnamed-chunk-76-3.pdf Graphic file (type pdf)
<use Figs/unnamed-chunk-76-3.pdf>
Package pdftex.def Info: Figs/unnamed-chunk-76-3.pdf  used on input line 1862.
(pdftex.def)             Requested size: 440.66533pt x 301.13803pt.
[50 <./Figs/unnamed-chunk-76-2.pdf>]
Overfull \hbox (438.49234pt too wide) in paragraph at lines 1866--1866
[]\T1/lmtt/m/n/10 ## [1] "The best multivariate CAViaR model for the time perio
d from 2008-01-04 to 2008-12-30 is No AR and the best univariate CAViaR model f
or the time period is Ind. GARCH"[] 
 []

<Figs/unnamed-chunk-76-4.pdf, id=806, 422.57875pt x 286.06876pt>
File: Figs/unnamed-chunk-76-4.pdf Graphic file (type pdf)
<use Figs/unnamed-chunk-76-4.pdf>
Package pdftex.def Info: Figs/unnamed-chunk-76-4.pdf  used on input line 1868.
(pdftex.def)             Requested size: 422.58415pt x 286.07242pt.

Overfull \hbox (7.99359pt too wide) in paragraph at lines 1899--1899
[]\T1/lmtt/m/n/10 ## \caption{\label{tab:unnamed-chunk-76}Optimal Parameters fo
r the Candidate Distributions}[] 
 []

[51 <./Figs/unnamed-chunk-76-3.pdf> <./Figs/unnamed-chunk-76-4.pdf>]
<Figs/unnamed-chunk-76-5.pdf, id=827, 422.57875pt x 286.06876pt>
File: Figs/unnamed-chunk-76-5.pdf Graphic file (type pdf)
<use Figs/unnamed-chunk-76-5.pdf>
Package pdftex.def Info: Figs/unnamed-chunk-76-5.pdf  used on input line 1901.
(pdftex.def)             Requested size: 422.58415pt x 286.07242pt.

Overfull \hbox (7.99359pt too wide) in paragraph at lines 1932--1932
[]\T1/lmtt/m/n/10 ## \caption{\label{tab:unnamed-chunk-76}Optimal Parameters fo
r the Candidate Distributions}[] 
 []

[52 <./Figs/unnamed-chunk-76-5.pdf>]
<Figs/unnamed-chunk-76-6.pdf, id=840, 440.64626pt x 301.125pt>
File: Figs/unnamed-chunk-76-6.pdf Graphic file (type pdf)
<use Figs/unnamed-chunk-76-6.pdf>
Package pdftex.def Info: Figs/unnamed-chunk-76-6.pdf  used on input line 1934.
(pdftex.def)             Requested size: 440.66533pt x 301.13803pt.

Overfull \hbox (443.74232pt too wide) in paragraph at lines 1938--1938
[]\T1/lmtt/m/n/10 ## [1] "The best multivariate CAViaR model for the time perio
d from 2008-01-04 to 2008-12-30 is No AR and the best univariate CAViaR model f
or the time period is Asym. Slope"[] 
 []

<Figs/unnamed-chunk-76-7.pdf, id=841, 422.57875pt x 286.06876pt>
File: Figs/unnamed-chunk-76-7.pdf Graphic file (type pdf)
<use Figs/unnamed-chunk-76-7.pdf>
Package pdftex.def Info: Figs/unnamed-chunk-76-7.pdf  used on input line 1940.
(pdftex.def)             Requested size: 422.58415pt x 286.07242pt.
[53 <./Figs/unnamed-chunk-76-6.pdf>]
Overfull \hbox (7.99359pt too wide) in paragraph at lines 1971--1971
[]\T1/lmtt/m/n/10 ## \caption{\label{tab:unnamed-chunk-76}Optimal Parameters fo
r the Candidate Distributions}[] 
 []

<Figs/unnamed-chunk-76-8.pdf, id=854, 439.6425pt x 286.06876pt>
File: Figs/unnamed-chunk-76-8.pdf Graphic file (type pdf)
<use Figs/unnamed-chunk-76-8.pdf>
Package pdftex.def Info: Figs/unnamed-chunk-76-8.pdf  used on input line 1973.
(pdftex.def)             Requested size: 439.64812pt x 286.07242pt.
[54 <./Figs/unnamed-chunk-76-7.pdf>]
Overfull \hbox (7.99359pt too wide) in paragraph at lines 2004--2004
[]\T1/lmtt/m/n/10 ## \caption{\label{tab:unnamed-chunk-76}Optimal Parameters fo
r the Candidate Distributions}[] 
 []

<Figs/unnamed-chunk-76-9.pdf, id=868, 440.64626pt x 301.125pt>
File: Figs/unnamed-chunk-76-9.pdf Graphic file (type pdf)
<use Figs/unnamed-chunk-76-9.pdf>
Package pdftex.def Info: Figs/unnamed-chunk-76-9.pdf  used on input line 2006.
(pdftex.def)             Requested size: 440.66533pt x 301.13803pt.
[55 <./Figs/unnamed-chunk-76-8.pdf>]
Overfull \hbox (406.99243pt too wide) in paragraph at lines 2013--2013
[]\T1/lmtt/m/n/10 ## [1] "The best multivariate CAViaR model for the time perio
d from 2010-01-05 to 2010-12-30 is SAV AR and the best univariate CAViaR model 
for the time period is SAV"[] 
 []

<Figs/unnamed-chunk-77-1.pdf, id=882, 422.57875pt x 286.06876pt>
File: Figs/unnamed-chunk-77-1.pdf Graphic file (type pdf)
<use Figs/unnamed-chunk-77-1.pdf>
Package pdftex.def Info: Figs/unnamed-chunk-77-1.pdf  used on input line 2015.
(pdftex.def)             Requested size: 422.58415pt x 286.07242pt.
[56 <./Figs/unnamed-chunk-76-9.pdf>]
Overfull \hbox (7.99359pt too wide) in paragraph at lines 2046--2046
[]\T1/lmtt/m/n/10 ## \caption{\label{tab:unnamed-chunk-77}Optimal Parameters fo
r the Candidate Distributions}[] 
 []

<Figs/unnamed-chunk-77-2.pdf, id=897, 422.57875pt x 286.06876pt>
File: Figs/unnamed-chunk-77-2.pdf Graphic file (type pdf)
<use Figs/unnamed-chunk-77-2.pdf>
Package pdftex.def Info: Figs/unnamed-chunk-77-2.pdf  used on input line 2048.
(pdftex.def)             Requested size: 422.58415pt x 286.07242pt.
[57 <./Figs/unnamed-chunk-77-1.pdf>]
Overfull \hbox (7.99359pt too wide) in paragraph at lines 2079--2079
[]\T1/lmtt/m/n/10 ## \caption{\label{tab:unnamed-chunk-77}Optimal Parameters fo
r the Candidate Distributions}[] 
 []

<Figs/unnamed-chunk-77-3.pdf, id=910, 440.64626pt x 301.125pt>
File: Figs/unnamed-chunk-77-3.pdf Graphic file (type pdf)
<use Figs/unnamed-chunk-77-3.pdf>
Package pdftex.def Info: Figs/unnamed-chunk-77-3.pdf  used on input line 2081.
(pdftex.def)             Requested size: 440.66533pt x 301.13803pt.
[58 <./Figs/unnamed-chunk-77-2.pdf>]
Overfull \hbox (427.99237pt too wide) in paragraph at lines 2085--2085
[]\T1/lmtt/m/n/10 ## [1] "The best multivariate CAViaR model for the time perio
d from 2010-01-05 to 2010-12-30 is AR and the best univariate CAViaR model for 
the time period is Asym. Slope"[] 
 []

<Figs/unnamed-chunk-77-4.pdf, id=923, 428.60126pt x 286.06876pt>
File: Figs/unnamed-chunk-77-4.pdf Graphic file (type pdf)
<use Figs/unnamed-chunk-77-4.pdf>
Package pdftex.def Info: Figs/unnamed-chunk-77-4.pdf  used on input line 2087.
(pdftex.def)             Requested size: 428.6002pt x 286.06805pt.

Overfull \hbox (7.99359pt too wide) in paragraph at lines 2118--2118
[]\T1/lmtt/m/n/10 ## \caption{\label{tab:unnamed-chunk-77}Optimal Parameters fo
r the Candidate Distributions}[] 
 []

[59 <./Figs/unnamed-chunk-77-3.pdf> <./Figs/unnamed-chunk-77-4.pdf>]
<Figs/unnamed-chunk-77-5.pdf, id=944, 422.57875pt x 286.06876pt>
File: Figs/unnamed-chunk-77-5.pdf Graphic file (type pdf)
<use Figs/unnamed-chunk-77-5.pdf>
Package pdftex.def Info: Figs/unnamed-chunk-77-5.pdf  used on input line 2120.
(pdftex.def)             Requested size: 422.58415pt x 286.07242pt.

Overfull \hbox (7.99359pt too wide) in paragraph at lines 2151--2151
[]\T1/lmtt/m/n/10 ## \caption{\label{tab:unnamed-chunk-77}Optimal Parameters fo
r the Candidate Distributions}[] 
 []

[60 <./Figs/unnamed-chunk-77-5.pdf>]
<Figs/unnamed-chunk-77-6.pdf, id=957, 440.64626pt x 301.125pt>
File: Figs/unnamed-chunk-77-6.pdf Graphic file (type pdf)
<use Figs/unnamed-chunk-77-6.pdf>
Package pdftex.def Info: Figs/unnamed-chunk-77-6.pdf  used on input line 2153.
(pdftex.def)             Requested size: 440.66533pt x 301.13803pt.

Overfull \hbox (422.74239pt too wide) in paragraph at lines 2157--2157
[]\T1/lmtt/m/n/10 ## [1] "The best multivariate CAViaR model for the time perio
d from 2010-01-05 to 2010-12-30 is AR and the best univariate CAViaR model for 
the time period is Ind. GARCH"[] 
 []

<Figs/unnamed-chunk-77-7.pdf, id=958, 422.57875pt x 286.06876pt>
File: Figs/unnamed-chunk-77-7.pdf Graphic file (type pdf)
<use Figs/unnamed-chunk-77-7.pdf>
Package pdftex.def Info: Figs/unnamed-chunk-77-7.pdf  used on input line 2159.
(pdftex.def)             Requested size: 422.58415pt x 286.07242pt.
[61 <./Figs/unnamed-chunk-77-6.pdf>]
Overfull \hbox (7.99359pt too wide) in paragraph at lines 2190--2190
[]\T1/lmtt/m/n/10 ## \caption{\label{tab:unnamed-chunk-77}Optimal Parameters fo
r the Candidate Distributions}[] 
 []

<Figs/unnamed-chunk-77-8.pdf, id=972, 432.61626pt x 286.06876pt>
File: Figs/unnamed-chunk-77-8.pdf Graphic file (type pdf)
<use Figs/unnamed-chunk-77-8.pdf>
Package pdftex.def Info: Figs/unnamed-chunk-77-8.pdf  used on input line 2192.
(pdftex.def)             Requested size: 432.6218pt x 286.07242pt.
[62 <./Figs/unnamed-chunk-77-7.pdf>]
Overfull \hbox (7.99359pt too wide) in paragraph at lines 2223--2223
[]\T1/lmtt/m/n/10 ## \caption{\label{tab:unnamed-chunk-77}Optimal Parameters fo
r the Candidate Distributions}[] 
 []

<Figs/unnamed-chunk-77-9.pdf, id=985, 440.64626pt x 301.125pt>
File: Figs/unnamed-chunk-77-9.pdf Graphic file (type pdf)
<use Figs/unnamed-chunk-77-9.pdf>
Package pdftex.def Info: Figs/unnamed-chunk-77-9.pdf  used on input line 2225.
(pdftex.def)             Requested size: 440.66533pt x 301.13803pt.
[63 <./Figs/unnamed-chunk-77-8.pdf>]
Overfull \hbox (427.99237pt too wide) in paragraph at lines 2232--2232
[]\T1/lmtt/m/n/10 ## [1] "The best multivariate CAViaR model for the time perio
d from 2014-01-03 to 2014-12-30 is AR and the best univariate CAViaR model for 
the time period is Asym. Slope"[] 
 []

<Figs/unnamed-chunk-78-1.pdf, id=998, 434.62375pt x 286.06876pt>
File: Figs/unnamed-chunk-78-1.pdf Graphic file (type pdf)
<use Figs/unnamed-chunk-78-1.pdf>
Package pdftex.def Info: Figs/unnamed-chunk-78-1.pdf  used on input line 2234.
(pdftex.def)             Requested size: 434.6293pt x 286.07242pt.
[64 <./Figs/unnamed-chunk-77-9.pdf>]
Overfull \hbox (7.99359pt too wide) in paragraph at lines 2265--2265
[]\T1/lmtt/m/n/10 ## \caption{\label{tab:unnamed-chunk-78}Optimal Parameters fo
r the Candidate Distributions}[] 
 []

<Figs/unnamed-chunk-78-2.pdf, id=1014, 432.61626pt x 286.06876pt>
File: Figs/unnamed-chunk-78-2.pdf Graphic file (type pdf)
<use Figs/unnamed-chunk-78-2.pdf>
Package pdftex.def Info: Figs/unnamed-chunk-78-2.pdf  used on input line 2267.
(pdftex.def)             Requested size: 432.6218pt x 286.07242pt.
[65 <./Figs/unnamed-chunk-78-1.pdf>]
Overfull \hbox (7.99359pt too wide) in paragraph at lines 2298--2298
[]\T1/lmtt/m/n/10 ## \caption{\label{tab:unnamed-chunk-78}Optimal Parameters fo
r the Candidate Distributions}[] 
 []

<Figs/unnamed-chunk-78-3.pdf, id=1027, 440.64626pt x 301.125pt>
File: Figs/unnamed-chunk-78-3.pdf Graphic file (type pdf)
<use Figs/unnamed-chunk-78-3.pdf>
Package pdftex.def Info: Figs/unnamed-chunk-78-3.pdf  used on input line 2300.
(pdftex.def)             Requested size: 440.66533pt x 301.13803pt.
[66 <./Figs/unnamed-chunk-78-2.pdf>]
Overfull \hbox (443.74232pt too wide) in paragraph at lines 2304--2304
[]\T1/lmtt/m/n/10 ## [1] "The best multivariate CAViaR model for the time perio
d from 2014-01-03 to 2014-12-30 is No AR and the best univariate CAViaR model f
or the time period is Asym. Slope"[] 
 []

<Figs/unnamed-chunk-78-4.pdf, id=1040, 453.695pt x 286.06876pt>
File: Figs/unnamed-chunk-78-4.pdf Graphic file (type pdf)
<use Figs/unnamed-chunk-78-4.pdf>
Package pdftex.def Info: Figs/unnamed-chunk-78-4.pdf  used on input line 2306.
(pdftex.def)             Requested size: 453.6939pt x 286.06805pt.

Overfull \hbox (7.99359pt too wide) in paragraph at lines 2337--2337
[]\T1/lmtt/m/n/10 ## \caption{\label{tab:unnamed-chunk-78}Optimal Parameters fo
r the Candidate Distributions}[] 
 []

[67 <./Figs/unnamed-chunk-78-3.pdf> <./Figs/unnamed-chunk-78-4.pdf>]
<Figs/unnamed-chunk-78-5.pdf, id=1062, 452.69125pt x 286.06876pt>
File: Figs/unnamed-chunk-78-5.pdf Graphic file (type pdf)
<use Figs/unnamed-chunk-78-5.pdf>
Package pdftex.def Info: Figs/unnamed-chunk-78-5.pdf  used on input line 2339.
(pdftex.def)             Requested size: 452.69014pt x 286.06805pt.

Overfull \hbox (7.99359pt too wide) in paragraph at lines 2370--2370
[]\T1/lmtt/m/n/10 ## \caption{\label{tab:unnamed-chunk-78}Optimal Parameters fo
r the Candidate Distributions}[] 
 []

[68 <./Figs/unnamed-chunk-78-5.pdf>]
<Figs/unnamed-chunk-78-6.pdf, id=1075, 440.64626pt x 301.125pt>
File: Figs/unnamed-chunk-78-6.pdf Graphic file (type pdf)
<use Figs/unnamed-chunk-78-6.pdf>
Package pdftex.def Info: Figs/unnamed-chunk-78-6.pdf  used on input line 2372.
(pdftex.def)             Requested size: 440.66533pt x 301.13803pt.

Overfull \hbox (427.99237pt too wide) in paragraph at lines 2376--2376
[]\T1/lmtt/m/n/10 ## [1] "The best multivariate CAViaR model for the time perio
d from 2014-01-03 to 2014-12-30 is AR and the best univariate CAViaR model for 
the time period is Asym. Slope"[] 
 []

<Figs/unnamed-chunk-78-7.pdf, id=1076, 422.57875pt x 286.06876pt>
File: Figs/unnamed-chunk-78-7.pdf Graphic file (type pdf)
<use Figs/unnamed-chunk-78-7.pdf>
Package pdftex.def Info: Figs/unnamed-chunk-78-7.pdf  used on input line 2378.
(pdftex.def)             Requested size: 422.58415pt x 286.07242pt.
[69 <./Figs/unnamed-chunk-78-6.pdf>]
Overfull \hbox (7.99359pt too wide) in paragraph at lines 2409--2409
[]\T1/lmtt/m/n/10 ## \caption{\label{tab:unnamed-chunk-78}Optimal Parameters fo
r the Candidate Distributions}[] 
 []

<Figs/unnamed-chunk-78-8.pdf, id=1089, 422.57875pt x 286.06876pt>
File: Figs/unnamed-chunk-78-8.pdf Graphic file (type pdf)
<use Figs/unnamed-chunk-78-8.pdf>
Package pdftex.def Info: Figs/unnamed-chunk-78-8.pdf  used on input line 2411.
(pdftex.def)             Requested size: 422.58415pt x 286.07242pt.
[70 <./Figs/unnamed-chunk-78-7.pdf>]
Overfull \hbox (7.99359pt too wide) in paragraph at lines 2442--2442
[]\T1/lmtt/m/n/10 ## \caption{\label{tab:unnamed-chunk-78}Optimal Parameters fo
r the Candidate Distributions}[] 
 []

<Figs/unnamed-chunk-78-9.pdf, id=1102, 440.64626pt x 301.125pt>
File: Figs/unnamed-chunk-78-9.pdf Graphic file (type pdf)
<use Figs/unnamed-chunk-78-9.pdf>
Package pdftex.def Info: Figs/unnamed-chunk-78-9.pdf  used on input line 2444.
(pdftex.def)             Requested size: 440.66533pt x 301.13803pt.
[71 <./Figs/unnamed-chunk-78-8.pdf>]
Overfull \hbox (427.99237pt too wide) in paragraph at lines 2451--2451
[]\T1/lmtt/m/n/10 ## [1] "The best multivariate CAViaR model for the time perio
d from 2016-01-06 to 2016-12-30 is AS AR and the best univariate CAViaR model f
or the time period is Adaptive"[] 
 []

<Figs/unnamed-chunk-79-1.pdf, id=1115, 422.57875pt x 286.06876pt>
File: Figs/unnamed-chunk-79-1.pdf Graphic file (type pdf)
<use Figs/unnamed-chunk-79-1.pdf>
Package pdftex.def Info: Figs/unnamed-chunk-79-1.pdf  used on input line 2453.
(pdftex.def)             Requested size: 422.58415pt x 286.07242pt.
[72 <./Figs/unnamed-chunk-78-9.pdf>]
Overfull \hbox (7.99359pt too wide) in paragraph at lines 2484--2484
[]\T1/lmtt/m/n/10 ## \caption{\label{tab:unnamed-chunk-79}Optimal Parameters fo
r the Candidate Distributions}[] 
 []

<Figs/unnamed-chunk-79-2.pdf, id=1130, 439.6425pt x 286.06876pt>
File: Figs/unnamed-chunk-79-2.pdf Graphic file (type pdf)
<use Figs/unnamed-chunk-79-2.pdf>
Package pdftex.def Info: Figs/unnamed-chunk-79-2.pdf  used on input line 2486.
(pdftex.def)             Requested size: 439.64812pt x 286.07242pt.
[73 <./Figs/unnamed-chunk-79-1.pdf>]
Overfull \hbox (7.99359pt too wide) in paragraph at lines 2517--2517
[]\T1/lmtt/m/n/10 ## \caption{\label{tab:unnamed-chunk-79}Optimal Parameters fo
r the Candidate Distributions}[] 
 []

<Figs/unnamed-chunk-79-3.pdf, id=1144, 440.64626pt x 301.125pt>
File: Figs/unnamed-chunk-79-3.pdf Graphic file (type pdf)
<use Figs/unnamed-chunk-79-3.pdf>
Package pdftex.def Info: Figs/unnamed-chunk-79-3.pdf  used on input line 2519.
(pdftex.def)             Requested size: 440.66533pt x 301.13803pt.
[74 <./Figs/unnamed-chunk-79-2.pdf>]
Overfull \hbox (438.49234pt too wide) in paragraph at lines 2523--2523
[]\T1/lmtt/m/n/10 ## [1] "The best multivariate CAViaR model for the time perio
d from 2016-01-06 to 2016-12-30 is No AR and the best univariate CAViaR model f
or the time period is Ind. GARCH"[] 
 []

<Figs/unnamed-chunk-79-4.pdf, id=1158, 422.57875pt x 286.06876pt>
File: Figs/unnamed-chunk-79-4.pdf Graphic file (type pdf)
<use Figs/unnamed-chunk-79-4.pdf>
Package pdftex.def Info: Figs/unnamed-chunk-79-4.pdf  used on input line 2525.
(pdftex.def)             Requested size: 422.58415pt x 286.07242pt.

Overfull \hbox (7.99359pt too wide) in paragraph at lines 2556--2556
[]\T1/lmtt/m/n/10 ## \caption{\label{tab:unnamed-chunk-79}Optimal Parameters fo
r the Candidate Distributions}[] 
 []

[75 <./Figs/unnamed-chunk-79-3.pdf> <./Figs/unnamed-chunk-79-4.pdf>]
<Figs/unnamed-chunk-79-5.pdf, id=1179, 439.6425pt x 286.06876pt>
File: Figs/unnamed-chunk-79-5.pdf Graphic file (type pdf)
<use Figs/unnamed-chunk-79-5.pdf>
Package pdftex.def Info: Figs/unnamed-chunk-79-5.pdf  used on input line 2558.
(pdftex.def)             Requested size: 439.64812pt x 286.07242pt.

Overfull \hbox (7.99359pt too wide) in paragraph at lines 2589--2589
[]\T1/lmtt/m/n/10 ## \caption{\label{tab:unnamed-chunk-79}Optimal Parameters fo
r the Candidate Distributions}[] 
 []

[76 <./Figs/unnamed-chunk-79-5.pdf>]
<Figs/unnamed-chunk-79-6.pdf, id=1192, 440.64626pt x 301.125pt>
File: Figs/unnamed-chunk-79-6.pdf Graphic file (type pdf)
<use Figs/unnamed-chunk-79-6.pdf>
Package pdftex.def Info: Figs/unnamed-chunk-79-6.pdf  used on input line 2591.
(pdftex.def)             Requested size: 440.66533pt x 301.13803pt.

Overfull \hbox (422.74239pt too wide) in paragraph at lines 2595--2595
[]\T1/lmtt/m/n/10 ## [1] "The best multivariate CAViaR model for the time perio
d from 2016-01-06 to 2016-12-30 is AR and the best univariate CAViaR model for 
the time period is Ind. GARCH"[] 
 []

<Figs/unnamed-chunk-79-7.pdf, id=1193, 422.57875pt x 286.06876pt>
File: Figs/unnamed-chunk-79-7.pdf Graphic file (type pdf)
<use Figs/unnamed-chunk-79-7.pdf>
Package pdftex.def Info: Figs/unnamed-chunk-79-7.pdf  used on input line 2597.
(pdftex.def)             Requested size: 422.58415pt x 286.07242pt.
[77 <./Figs/unnamed-chunk-79-6.pdf>]
Overfull \hbox (7.99359pt too wide) in paragraph at lines 2628--2628
[]\T1/lmtt/m/n/10 ## \caption{\label{tab:unnamed-chunk-79}Optimal Parameters fo
r the Candidate Distributions}[] 
 []

<Figs/unnamed-chunk-79-8.pdf, id=1206, 436.63126pt x 286.06876pt>
File: Figs/unnamed-chunk-79-8.pdf Graphic file (type pdf)
<use Figs/unnamed-chunk-79-8.pdf>
Package pdftex.def Info: Figs/unnamed-chunk-79-8.pdf  used on input line 2630.
(pdftex.def)             Requested size: 436.63019pt x 286.06805pt.
[78 <./Figs/unnamed-chunk-79-7.pdf>]
Overfull \hbox (7.99359pt too wide) in paragraph at lines 2661--2661
[]\T1/lmtt/m/n/10 ## \caption{\label{tab:unnamed-chunk-79}Optimal Parameters fo
r the Candidate Distributions}[] 
 []

<Figs/unnamed-chunk-79-9.pdf, id=1219, 440.64626pt x 301.125pt>
File: Figs/unnamed-chunk-79-9.pdf Graphic file (type pdf)
<use Figs/unnamed-chunk-79-9.pdf>
Package pdftex.def Info: Figs/unnamed-chunk-79-9.pdf  used on input line 2663.
(pdftex.def)             Requested size: 440.66533pt x 301.13803pt.
[79 <./Figs/unnamed-chunk-79-8.pdf>]
<Figs/unnamed-chunk-80-1.pdf, id=1233, 446.66875pt x 286.06876pt>
File: Figs/unnamed-chunk-80-1.pdf Graphic file (type pdf)
<use Figs/unnamed-chunk-80-1.pdf>
Package pdftex.def Info: Figs/unnamed-chunk-80-1.pdf  used on input line 2669.
(pdftex.def)             Requested size: 446.67445pt x 286.07242pt.
<Figs/unnamed-chunk-81-1.pdf, id=1234, 446.66875pt x 286.06876pt>
File: Figs/unnamed-chunk-81-1.pdf Graphic file (type pdf)
<use Figs/unnamed-chunk-81-1.pdf>
Package pdftex.def Info: Figs/unnamed-chunk-81-1.pdf  used on input line 2675.
(pdftex.def)             Requested size: 446.67445pt x 286.07242pt.
[80 <./Figs/unnamed-chunk-79-9.pdf> <./Figs/unnamed-chunk-80-1.pdf>]
<Figs/unnamed-chunk-82-1.pdf, id=1258, 446.66875pt x 286.06876pt>
File: Figs/unnamed-chunk-82-1.pdf Graphic file (type pdf)
<use Figs/unnamed-chunk-82-1.pdf>
Package pdftex.def Info: Figs/unnamed-chunk-82-1.pdf  used on input line 2681.
(pdftex.def)             Requested size: 446.67445pt x 286.07242pt.
<Figs/unnamed-chunk-83-1.pdf, id=1259, 446.66875pt x 286.06876pt>
File: Figs/unnamed-chunk-83-1.pdf Graphic file (type pdf)
<use Figs/unnamed-chunk-83-1.pdf>
Package pdftex.def Info: Figs/unnamed-chunk-83-1.pdf  used on input line 2687.
(pdftex.def)             Requested size: 446.67445pt x 286.07242pt.
[81 <./Figs/unnamed-chunk-81-1.pdf> <./Figs/unnamed-chunk-82-1.pdf>]
<Figs/unnamed-chunk-84-1.pdf, id=1284, 446.66875pt x 286.06876pt>
File: Figs/unnamed-chunk-84-1.pdf Graphic file (type pdf)
<use Figs/unnamed-chunk-84-1.pdf>
Package pdftex.def Info: Figs/unnamed-chunk-84-1.pdf  used on input line 2693.
(pdftex.def)             Requested size: 446.67445pt x 286.07242pt.
<Figs/unnamed-chunk-85-1.pdf, id=1285, 446.66875pt x 286.06876pt>
File: Figs/unnamed-chunk-85-1.pdf Graphic file (type pdf)
<use Figs/unnamed-chunk-85-1.pdf>
Package pdftex.def Info: Figs/unnamed-chunk-85-1.pdf  used on input line 2699.
(pdftex.def)             Requested size: 446.67445pt x 286.07242pt.
[82 <./Figs/unnamed-chunk-83-1.pdf> <./Figs/unnamed-chunk-84-1.pdf>]
<Figs/unnamed-chunk-86-1.pdf, id=1311, 446.66875pt x 286.06876pt>
File: Figs/unnamed-chunk-86-1.pdf Graphic file (type pdf)
<use Figs/unnamed-chunk-86-1.pdf>
Package pdftex.def Info: Figs/unnamed-chunk-86-1.pdf  used on input line 2705.
(pdftex.def)             Requested size: 446.67445pt x 286.07242pt.
[83 <./Figs/unnamed-chunk-85-1.pdf> <./Figs/unnamed-chunk-86-1.pdf>] [84] [85] 
[86]
Package atveryend Info: Empty hook `BeforeClearDocument' on input line 2973.
[87]
Package atveryend Info: Empty hook `AfterLastShipout' on input line 2973.
(./STAT_771_Class_Project_Rev.aux)
Package atveryend Info: Executing hook `AtVeryEndDocument' on input line 2973.
Package atveryend Info: Empty hook `AtEndAfterFileList' on input line 2973.

LaTeX Warning: There were multiply-defined labels.

Package atveryend Info: Empty hook `AtVeryVeryEnd' on input line 2973.
 ) 
Here is how much of TeX's memory you used:
 13485 strings out of 492649
 205505 string characters out of 6129622
 302172 words of memory out of 5000000
 16821 multiletter control sequences out of 15000+600000
 76134 words of font info for 121 fonts, out of 8000000 for 9000
 1141 hyphenation exceptions out of 8191
 34i,10n,38p,954b,459s stack positions out of 5000i,500n,10000p,200000b,80000s
{/usr/local/texlive/2018/texmf-dist/fonts/enc/dvips/lm/lm-rm.enc}{/usr/local/
texlive/2018/texmf-dist/fonts/enc/dvips/lm/lm-mathsy.enc}{/usr/local/texlive/20
18/texmf-dist/fonts/enc/dvips/lm/lm-mathit.enc}{/usr/local/texlive/2018/texmf-d
ist/fonts/enc/dvips/lm/lm-ts1.enc}{/usr/local/texlive/2018/texmf-dist/fonts/enc
/dvips/lm/lm-ec.enc}{/usr/local/texlive/2018/texmf-dist/fonts/enc/dvips/lm/lm-m
athex.enc}</usr/local/texlive/2018/texmf-dist/fonts/type1/public/lm/lmbsy7.pfb>
</usr/local/texlive/2018/texmf-dist/fonts/type1/public/lm/lmbx10.pfb></usr/loca
l/texlive/2018/texmf-dist/fonts/type1/public/lm/lmbx12.pfb></usr/local/texlive/
2018/texmf-dist/fonts/type1/public/lm/lmbx7.pfb></usr/local/texlive/2018/texmf-
dist/fonts/type1/public/lm/lmex10.pfb></usr/local/texlive/2018/texmf-dist/fonts
/type1/public/lm/lmmi10.pfb></usr/local/texlive/2018/texmf-dist/fonts/type1/pub
lic/lm/lmmi7.pfb></usr/local/texlive/2018/texmf-dist/fonts/type1/public/lm/lmmi
b10.pfb></usr/local/texlive/2018/texmf-dist/fonts/type1/public/lm/lmmib7.pfb></
usr/local/texlive/2018/texmf-dist/fonts/type1/public/lm/lmr10.pfb></usr/local/t
exlive/2018/texmf-dist/fonts/type1/public/lm/lmr12.pfb></usr/local/texlive/2018
/texmf-dist/fonts/type1/public/lm/lmr17.pfb></usr/local/texlive/2018/texmf-dist
/fonts/type1/public/lm/lmr7.pfb></usr/local/texlive/2018/texmf-dist/fonts/type1
/public/lm/lmri10.pfb></usr/local/texlive/2018/texmf-dist/fonts/type1/public/lm
/lmsy10.pfb></usr/local/texlive/2018/texmf-dist/fonts/type1/public/lm/lmsy7.pfb
></usr/local/texlive/2018/texmf-dist/fonts/type1/public/lm/lmtt10.pfb></usr/loc
al/texlive/2018/texmf-dist/fonts/type1/public/amsfonts/symbols/msbm10.pfb>
Output written on STAT_771_Class_Project_Rev.pdf (87 pages, 1068220 bytes).
PDF statistics:
 1667 PDF objects out of 1728 (max. 8388607)
 1277 compressed objects within 13 object streams
 250 named destinations out of 1000 (max. 500000)
 13107 words of extra memory for PDF output out of 14400 (max. 10000000)

